nohup: ignoring input
Search parameters: #threads: 1,  beamwidth: 2.
Reading (with alignment) bin file /mnt/data/data/query.fbin ...Metadata: #pts = 20000, #dims = 512, aligned_dim = 512... allocating aligned memory of 40960000 bytes... done. Copying data to mem_aligned buffer... done.
Opened: /mnt/data/data/index_query_learn_gt100, size: 16000008, cache_size: 16000008
Reading truthset file /mnt/data/data/index_query_learn_gt100 ...
Metadata: #pts = 20000, #dims = 100... 
L2: Using AVX2 distance computation DistanceL2Float
L2: Using AVX2 distance computation DistanceL2Float
Reading bin file /mnt/data/DiskANN-main/build/save/index2/test1/disk_index_data_learn_R64_L100_A1.2_pq_compressed.bin ...
Opening bin file /mnt/data/DiskANN-main/build/save/index2/test1/disk_index_data_learn_R64_L100_A1.2_pq_compressed.bin... 
Metadata: #pts = 11288930, #dims = 128...
tcmalloc: large alloc 1444986880 bytes == 0x55df5c698000 @  0x7face8fbe680 0x7face8fdeff4 0x55df570c66b4 0x55df570de83d 0x55df570e083a 0x55df56c0a2b7 0x55df56bf0663 0x7face1296083 0x55df56bf13ee
done.
Reading bin file /mnt/data/DiskANN-main/build/save/index2/test1/disk_index_data_learn_R64_L100_A1.2_pq_pivots.bin ...
Opening bin file /mnt/data/DiskANN-main/build/save/index2/test1/disk_index_data_learn_R64_L100_A1.2_pq_pivots.bin... 
Metadata: #pts = 4, #dims = 1...
done.
Offsets: 4096 528392 530448 530972
Reading bin file /mnt/data/DiskANN-main/build/save/index2/test1/disk_index_data_learn_R64_L100_A1.2_pq_pivots.bin ...
Opening bin file /mnt/data/DiskANN-main/build/save/index2/test1/disk_index_data_learn_R64_L100_A1.2_pq_pivots.bin... 
Metadata: #pts = 256, #dims = 512...
done.
Reading bin file /mnt/data/DiskANN-main/build/save/index2/test1/disk_index_data_learn_R64_L100_A1.2_pq_pivots.bin ...
Opening bin file /mnt/data/DiskANN-main/build/save/index2/test1/disk_index_data_learn_R64_L100_A1.2_pq_pivots.bin... 
Metadata: #pts = 512, #dims = 1...
done.
Reading bin file /mnt/data/DiskANN-main/build/save/index2/test1/disk_index_data_learn_R64_L100_A1.2_pq_pivots.bin ...
Opening bin file /mnt/data/DiskANN-main/build/save/index2/test1/disk_index_data_learn_R64_L100_A1.2_pq_pivots.bin... 
Metadata: #pts = 129, #dims = 1...
done.
Loaded PQ Pivots: #ctrs: 256, #dims: 512, #chunks: 128
Loaded PQ centroids and in-memory compressed vectors. #points: 11288930 #dim: 512 #aligned_dim: 512 #chunks: 128
Disk-Index File Meta-data: # nodes per sector: 1, max node len (bytes): 2308, max node degree: 64
Opened file : /mnt/data/DiskANN-main/build/save/index2/test1/disk_index_data_learn_R64_L100_A1.2_disk.index
Setting up thread-specific contexts for nthreads: 1
allocating ctx: 0x7face0aae000 to thread-id:140380488174720
Loading centroid data from medoids vector data of 1 medoid(s)
done..
Caching 10000 nodes around medoid(s)
Caching 10000...
Level: 1.. #nodes: 1, #nodes thus far: 1
Level: 2.. #nodes: 64, #nodes thus far: 65
Level: 3.. #nodes: 3835, #nodes thus far: 3900
Level: 4. #nodes: 6100, #nodes thus far: 10000
done
Loading the cache list into memory....done.
     L   Beamwidth             QPS    Mean Latency    99.9 Latency        Mean IOs         CPU (s)        Recall@1
======================================================================================================================
     5           2          516.87         1884.71         5097.00           14.32           84.17           73.99
    10           2          401.47         2439.71         6867.00           19.34          107.55           78.07
    20           2          276.69         3561.33         9210.00           28.86          150.77           81.05
    30           2          206.87         4776.43        10869.00           38.49          193.72           82.34
    40           2          170.35         5806.76        11590.00           47.90          232.61           82.99
    50           2          142.32         6960.89        12887.00           58.26          276.86           83.45
    60           2          122.14         8120.67        15055.00           67.76          318.73           83.77
    80           2           95.55        10396.39        18672.00           87.29          402.61           84.20
   100           2           77.49        12818.14        22060.00          107.10          483.55           84.46
   150           2           53.56        18575.66        29956.00          156.69          691.01           84.95
   200           2           39.15        25436.81        38600.00          206.35          898.50           85.22
   250           2           32.36        30763.12        46685.00          256.01         1101.78           85.41
Done searching. Now saving results 
Writing bin: /mnt/data/DiskANN-main/build/save/index2/test1/res_5_idx_uint32.bin
bin: #pts = 20000, #dims = 1, size = 80008B
Finished writing bin.
Writing bin: /mnt/data/DiskANN-main/build/save/index2/test1/res_5_dists_float.bin
bin: #pts = 20000, #dims = 1, size = 80008B
Finished writing bin.
Writing bin: /mnt/data/DiskANN-main/build/save/index2/test1/res_10_idx_uint32.bin
bin: #pts = 20000, #dims = 1, size = 80008B
Finished writing bin.
Writing bin: /mnt/data/DiskANN-main/build/save/index2/test1/res_10_dists_float.bin
bin: #pts = 20000, #dims = 1, size = 80008B
Finished writing bin.
Writing bin: /mnt/data/DiskANN-main/build/save/index2/test1/res_20_idx_uint32.bin
bin: #pts = 20000, #dims = 1, size = 80008B
Finished writing bin.
Writing bin: /mnt/data/DiskANN-main/build/save/index2/test1/res_20_dists_float.bin
bin: #pts = 20000, #dims = 1, size = 80008B
Finished writing bin.
Writing bin: /mnt/data/DiskANN-main/build/save/index2/test1/res_30_idx_uint32.bin
bin: #pts = 20000, #dims = 1, size = 80008B
Finished writing bin.
Writing bin: /mnt/data/DiskANN-main/build/save/index2/test1/res_30_dists_float.bin
bin: #pts = 20000, #dims = 1, size = 80008B
Finished writing bin.
Writing bin: /mnt/data/DiskANN-main/build/save/index2/test1/res_40_idx_uint32.bin
bin: #pts = 20000, #dims = 1, size = 80008B
Finished writing bin.
Writing bin: /mnt/data/DiskANN-main/build/save/index2/test1/res_40_dists_float.bin
bin: #pts = 20000, #dims = 1, size = 80008B
Finished writing bin.
Writing bin: /mnt/data/DiskANN-main/build/save/index2/test1/res_50_idx_uint32.bin
bin: #pts = 20000, #dims = 1, size = 80008B
Finished writing bin.
Writing bin: /mnt/data/DiskANN-main/build/save/index2/test1/res_50_dists_float.bin
bin: #pts = 20000, #dims = 1, size = 80008B
Finished writing bin.
Writing bin: /mnt/data/DiskANN-main/build/save/index2/test1/res_60_idx_uint32.bin
bin: #pts = 20000, #dims = 1, size = 80008B
Finished writing bin.
Writing bin: /mnt/data/DiskANN-main/build/save/index2/test1/res_60_dists_float.bin
bin: #pts = 20000, #dims = 1, size = 80008B
Finished writing bin.
Writing bin: /mnt/data/DiskANN-main/build/save/index2/test1/res_80_idx_uint32.bin
bin: #pts = 20000, #dims = 1, size = 80008B
Finished writing bin.
Writing bin: /mnt/data/DiskANN-main/build/save/index2/test1/res_80_dists_float.bin
bin: #pts = 20000, #dims = 1, size = 80008B
Finished writing bin.
Writing bin: /mnt/data/DiskANN-main/build/save/index2/test1/res_100_idx_uint32.bin
bin: #pts = 20000, #dims = 1, size = 80008B
Finished writing bin.
Writing bin: /mnt/data/DiskANN-main/build/save/index2/test1/res_100_dists_float.bin
bin: #pts = 20000, #dims = 1, size = 80008B
Finished writing bin.
Writing bin: /mnt/data/DiskANN-main/build/save/index2/test1/res_150_idx_uint32.bin
bin: #pts = 20000, #dims = 1, size = 80008B
Finished writing bin.
Writing bin: /mnt/data/DiskANN-main/build/save/index2/test1/res_150_dists_float.bin
bin: #pts = 20000, #dims = 1, size = 80008B
Finished writing bin.
Writing bin: /mnt/data/DiskANN-main/build/save/index2/test1/res_200_idx_uint32.bin
bin: #pts = 20000, #dims = 1, size = 80008B
Finished writing bin.
Writing bin: /mnt/data/DiskANN-main/build/save/index2/test1/res_200_dists_float.bin
bin: #pts = 20000, #dims = 1, size = 80008B
Finished writing bin.
Writing bin: /mnt/data/DiskANN-main/build/save/index2/test1/res_250_idx_uint32.bin
bin: #pts = 20000, #dims = 1, size = 80008B
Finished writing bin.
Writing bin: /mnt/data/DiskANN-main/build/save/index2/test1/res_250_dists_float.bin
bin: #pts = 20000, #dims = 1, size = 80008B
Finished writing bin.
Clearing scratch
Search parameters: #threads: 1,  beamwidth: 2.
Reading (with alignment) bin file /mnt/data/data/query.fbin ...Metadata: #pts = 20000, #dims = 512, aligned_dim = 512... allocating aligned memory of 40960000 bytes... done. Copying data to mem_aligned buffer... done.
Opened: /mnt/data/data/index_query_learn_gt100, size: 16000008, cache_size: 16000008
Reading truthset file /mnt/data/data/index_query_learn_gt100 ...
Metadata: #pts = 20000, #dims = 100... 
L2: Using AVX2 distance computation DistanceL2Float
L2: Using AVX2 distance computation DistanceL2Float
Reading bin file /mnt/data/DiskANN-main/build/save/index2/test1/disk_index_data_learn_R64_L100_A1.2_pq_compressed.bin ...
Opening bin file /mnt/data/DiskANN-main/build/save/index2/test1/disk_index_data_learn_R64_L100_A1.2_pq_compressed.bin... 
Metadata: #pts = 11288930, #dims = 128...
tcmalloc: large alloc 1444986880 bytes == 0x5555b68dc000 @  0x7f4417ca2680 0x7f4417cc2ff4 0x5555b0f476b4 0x5555b0f5f83d 0x5555b0f6183a 0x5555b0a8b2b7 0x5555b0a71663 0x7f440ff7a083 0x5555b0a723ee
done.
Reading bin file /mnt/data/DiskANN-main/build/save/index2/test1/disk_index_data_learn_R64_L100_A1.2_pq_pivots.bin ...
Opening bin file /mnt/data/DiskANN-main/build/save/index2/test1/disk_index_data_learn_R64_L100_A1.2_pq_pivots.bin... 
Metadata: #pts = 4, #dims = 1...
done.
Offsets: 4096 528392 530448 530972
Reading bin file /mnt/data/DiskANN-main/build/save/index2/test1/disk_index_data_learn_R64_L100_A1.2_pq_pivots.bin ...
Opening bin file /mnt/data/DiskANN-main/build/save/index2/test1/disk_index_data_learn_R64_L100_A1.2_pq_pivots.bin... 
Metadata: #pts = 256, #dims = 512...
done.
Reading bin file /mnt/data/DiskANN-main/build/save/index2/test1/disk_index_data_learn_R64_L100_A1.2_pq_pivots.bin ...
Opening bin file /mnt/data/DiskANN-main/build/save/index2/test1/disk_index_data_learn_R64_L100_A1.2_pq_pivots.bin... 
Metadata: #pts = 512, #dims = 1...
done.
Reading bin file /mnt/data/DiskANN-main/build/save/index2/test1/disk_index_data_learn_R64_L100_A1.2_pq_pivots.bin ...
Opening bin file /mnt/data/DiskANN-main/build/save/index2/test1/disk_index_data_learn_R64_L100_A1.2_pq_pivots.bin... 
Metadata: #pts = 129, #dims = 1...
done.
Loaded PQ Pivots: #ctrs: 256, #dims: 512, #chunks: 128
Loaded PQ centroids and in-memory compressed vectors. #points: 11288930 #dim: 512 #aligned_dim: 512 #chunks: 128
Disk-Index File Meta-data: # nodes per sector: 1, max node len (bytes): 2308, max node degree: 64
Opened file : /mnt/data/DiskANN-main/build/save/index2/test1/disk_index_data_learn_R64_L100_A1.2_disk.index
Setting up thread-specific contexts for nthreads: 1
allocating ctx: 0x7f440f792000 to thread-id:139930301877376
Loading centroid data from medoids vector data of 1 medoid(s)
done..
Caching 10000 nodes around medoid(s)
Caching 10000...
Level: 1.. #nodes: 1, #nodes thus far: 1
Level: 2.. #nodes: 64, #nodes thus far: 65
Level: 3.. #nodes: 3835, #nodes thus far: 3900
Level: 4. #nodes: 6100, #nodes thus far: 10000
done
Loading the cache list into memory....done.
     L   Beamwidth             QPS    Mean Latency    99.9 Latency        Mean IOs         CPU (s)       Recall@10
======================================================================================================================
    20           2          278.11         3542.34         7989.00           28.86          150.10           83.75
    30           2          212.44         4647.38         9375.00           38.49          193.74           86.50
    40           2          169.55         5829.01        11817.00           47.90          235.34           87.70
    50           2          139.09         7118.99        13156.00           58.26          279.70           88.42
    60           2          120.84         8203.50        14944.00           67.76          322.30           88.88
    80           2           94.37        10521.29        18681.00           87.29          407.97           89.44
   100           2           76.47        12983.89        22382.00          107.10          486.59           89.75
   150           2           52.47        18960.67        32804.00          156.69          696.07           90.22
   200           2           40.09        24830.58        41619.00          206.35          902.52           90.43
   250           2           32.22        30902.51        47028.00          256.01         1101.33           90.57
   300           2           26.40        37732.22        59333.00          305.84         1308.98           90.67
   400           2           20.24        49253.91        90979.00          405.42         1722.77           90.80
Done searching. Now saving results 
Writing bin: /mnt/data/DiskANN-main/build/save/index2/test1/res_20_idx_uint32.bin
bin: #pts = 20000, #dims = 10, size = 800008B
Finished writing bin.
Writing bin: /mnt/data/DiskANN-main/build/save/index2/test1/res_20_dists_float.bin
bin: #pts = 20000, #dims = 10, size = 800008B
Finished writing bin.
Writing bin: /mnt/data/DiskANN-main/build/save/index2/test1/res_30_idx_uint32.bin
bin: #pts = 20000, #dims = 10, size = 800008B
Finished writing bin.
Writing bin: /mnt/data/DiskANN-main/build/save/index2/test1/res_30_dists_float.bin
bin: #pts = 20000, #dims = 10, size = 800008B
Finished writing bin.
Writing bin: /mnt/data/DiskANN-main/build/save/index2/test1/res_40_idx_uint32.bin
bin: #pts = 20000, #dims = 10, size = 800008B
Finished writing bin.
Writing bin: /mnt/data/DiskANN-main/build/save/index2/test1/res_40_dists_float.bin
bin: #pts = 20000, #dims = 10, size = 800008B
Finished writing bin.
Writing bin: /mnt/data/DiskANN-main/build/save/index2/test1/res_50_idx_uint32.bin
bin: #pts = 20000, #dims = 10, size = 800008B
Finished writing bin.
Writing bin: /mnt/data/DiskANN-main/build/save/index2/test1/res_50_dists_float.bin
bin: #pts = 20000, #dims = 10, size = 800008B
Finished writing bin.
Writing bin: /mnt/data/DiskANN-main/build/save/index2/test1/res_60_idx_uint32.bin
bin: #pts = 20000, #dims = 10, size = 800008B
Finished writing bin.
Writing bin: /mnt/data/DiskANN-main/build/save/index2/test1/res_60_dists_float.bin
bin: #pts = 20000, #dims = 10, size = 800008B
Finished writing bin.
Writing bin: /mnt/data/DiskANN-main/build/save/index2/test1/res_80_idx_uint32.bin
bin: #pts = 20000, #dims = 10, size = 800008B
Finished writing bin.
Writing bin: /mnt/data/DiskANN-main/build/save/index2/test1/res_80_dists_float.bin
bin: #pts = 20000, #dims = 10, size = 800008B
Finished writing bin.
Writing bin: /mnt/data/DiskANN-main/build/save/index2/test1/res_100_idx_uint32.bin
bin: #pts = 20000, #dims = 10, size = 800008B
Finished writing bin.
Writing bin: /mnt/data/DiskANN-main/build/save/index2/test1/res_100_dists_float.bin
bin: #pts = 20000, #dims = 10, size = 800008B
Finished writing bin.
Writing bin: /mnt/data/DiskANN-main/build/save/index2/test1/res_150_idx_uint32.bin
bin: #pts = 20000, #dims = 10, size = 800008B
Finished writing bin.
Writing bin: /mnt/data/DiskANN-main/build/save/index2/test1/res_150_dists_float.bin
bin: #pts = 20000, #dims = 10, size = 800008B
Finished writing bin.
Writing bin: /mnt/data/DiskANN-main/build/save/index2/test1/res_200_idx_uint32.bin
bin: #pts = 20000, #dims = 10, size = 800008B
Finished writing bin.
Writing bin: /mnt/data/DiskANN-main/build/save/index2/test1/res_200_dists_float.bin
bin: #pts = 20000, #dims = 10, size = 800008B
Finished writing bin.
Writing bin: /mnt/data/DiskANN-main/build/save/index2/test1/res_250_idx_uint32.bin
bin: #pts = 20000, #dims = 10, size = 800008B
Finished writing bin.
Writing bin: /mnt/data/DiskANN-main/build/save/index2/test1/res_250_dists_float.bin
bin: #pts = 20000, #dims = 10, size = 800008B
Finished writing bin.
Writing bin: /mnt/data/DiskANN-main/build/save/index2/test1/res_300_idx_uint32.bin
bin: #pts = 20000, #dims = 10, size = 800008B
Finished writing bin.
Writing bin: /mnt/data/DiskANN-main/build/save/index2/test1/res_300_dists_float.bin
bin: #pts = 20000, #dims = 10, size = 800008B
Finished writing bin.
Writing bin: /mnt/data/DiskANN-main/build/save/index2/test1/res_400_idx_uint32.bin
bin: #pts = 20000, #dims = 10, size = 800008B
Finished writing bin.
Writing bin: /mnt/data/DiskANN-main/build/save/index2/test1/res_400_dists_float.bin
bin: #pts = 20000, #dims = 10, size = 800008B
Finished writing bin.
Clearing scratch
