nohup: ignoring input
Search parameters: #threads: 1,  beamwidth: 2.
Reading (with alignment) bin file /mnt/data/SPACEV1B/queries.bbin ...Metadata: #pts = 29316, #dims = 100, aligned_dim = 104... allocating aligned memory of 3048864 bytes... done. Copying data to mem_aligned buffer... done.
Opened: /mnt/data/SPACEV1B/spacev_query_learn_gt100, size: 23452808, cache_size: 23452808
Reading truthset file /mnt/data/SPACEV1B/spacev_query_learn_gt100 ...
Metadata: #pts = 29316, #dims = 100... 
L2: Using AVX2 distance computation DistanceL2Float
Reading bin file save/spacev/test1/disk_index_spacev_learn_R64_L100_A1.2_pq_compressed.bin ...
Opening bin file save/spacev/test1/disk_index_spacev_learn_R64_L100_A1.2_pq_compressed.bin... 
Metadata: #pts = 100000000, #dims = 100...
tcmalloc: large alloc 10000007168 bytes == 0x564e4fae6000 @  0x7fe3c2334680 0x7fe3c2354ff4 0x564e4bce36b4 0x564e4bcf6fd5 0x564e4bcf8fda 0x564e4b82b617 0x564e4b80d809 0x7fe3ba60c083 0x564e4b80e3ee
done.
Reading bin file save/spacev/test1/disk_index_spacev_learn_R64_L100_A1.2_pq_pivots.bin ...
Opening bin file save/spacev/test1/disk_index_spacev_learn_R64_L100_A1.2_pq_pivots.bin... 
Metadata: #pts = 4, #dims = 1...
done.
Offsets: 4096 106504 106912 107324
Reading bin file save/spacev/test1/disk_index_spacev_learn_R64_L100_A1.2_pq_pivots.bin ...
Opening bin file save/spacev/test1/disk_index_spacev_learn_R64_L100_A1.2_pq_pivots.bin... 
Metadata: #pts = 256, #dims = 100...
done.
Reading bin file save/spacev/test1/disk_index_spacev_learn_R64_L100_A1.2_pq_pivots.bin ...
Opening bin file save/spacev/test1/disk_index_spacev_learn_R64_L100_A1.2_pq_pivots.bin... 
Metadata: #pts = 100, #dims = 1...
done.
Reading bin file save/spacev/test1/disk_index_spacev_learn_R64_L100_A1.2_pq_pivots.bin ...
Opening bin file save/spacev/test1/disk_index_spacev_learn_R64_L100_A1.2_pq_pivots.bin... 
Metadata: #pts = 101, #dims = 1...
done.
Loaded PQ Pivots: #ctrs: 256, #dims: 100, #chunks: 100
Loaded PQ centroids and in-memory compressed vectors. #points: 100000000 #dim: 100 #aligned_dim: 104 #chunks: 100
Disk-Index File Meta-data: # nodes per sector: 11, max node len (bytes): 360, max node degree: 64
Opened file : save/spacev/test1/disk_index_spacev_learn_R64_L100_A1.2_disk.index
Setting up thread-specific contexts for nthreads: 1
allocating ctx: 0x7fe3b9e24000 to thread-id:140616060693632
Loading centroid data from medoids vector data of 1 medoid(s)
done..
Caching 10000 nodes around medoid(s)
Caching 10000...
Level: 1.. #nodes: 1, #nodes thus far: 1
Level: 2.. #nodes: 64, #nodes thus far: 65
Level: 3.. #nodes: 4068, #nodes thus far: 4133
Level: 4. #nodes: 5867, #nodes thus far: 10000
done
Loading the cache list into memory....done.
     L   Beamwidth             QPS    Mean Latency    99.9 Latency        Mean IOs         CPU (s)        Recall@1
======================================================================================================================
     1           2         1544.84          628.96         2723.00            2.92           20.87           14.51
     5           2          566.85         1739.43         4665.00           13.66           71.47           51.44
    10           2          385.42         2566.81         6623.00           20.60          100.80           64.13
    15           2          304.12         3251.72         7760.00           26.48          125.58           70.30
    20           2          254.68         3887.21         9161.00           31.90          148.42           73.77
    25           2          218.55         4534.15         9869.00           37.18          171.71           76.57
    30           2          194.40         5100.40        11224.00           42.36          195.15           78.59
    35           2          172.89         5738.18        12356.00           47.43          217.86           80.23
    40           2          156.56         6327.22        13421.00           52.48          237.93           81.56
    45           2          142.27         6964.87        14689.00           57.49          259.33           82.65
    50           2          128.95         7688.92        16291.00           62.49          281.36           83.50
    60           2          113.10         8771.93        17602.00           72.40          325.30           85.04
    80           2           90.11        11019.95        21017.00           92.15          411.71           87.26
   100           2           74.86        13273.36        23868.00          111.80          499.85           88.70
   125           2           60.63        16371.04        28394.00          136.39          603.61           90.01
   150           2           50.65        19609.56        32383.00          160.96          711.28           91.06
   175           2           45.01        22075.01        34895.00          185.62          822.73           91.86
   200           2           39.78        24983.05        37951.00          210.21          937.44           92.48
   225           2           35.52        27994.84        41058.00          234.91         1055.28           92.98
   250           2           31.78        31291.82        45961.00          259.59         1175.75           93.40
   300           2           26.44        37633.47        55417.00          309.00         1423.26           94.13
   350           2           23.27        42768.53        59205.00          358.58         1679.76           94.72
   400           2           20.71        48016.73        64332.00          408.18         1888.11           95.27
Done searching. Now saving results 
Writing bin: /mnt/data/DiskANN-main/build/save/spacev/test1/res_1_idx_uint32.bin
bin: #pts = 29316, #dims = 1, size = 117272B
Finished writing bin.
Writing bin: /mnt/data/DiskANN-main/build/save/spacev/test1/res_1_dists_float.bin
bin: #pts = 29316, #dims = 1, size = 117272B
Finished writing bin.
Writing bin: /mnt/data/DiskANN-main/build/save/spacev/test1/res_5_idx_uint32.bin
bin: #pts = 29316, #dims = 1, size = 117272B
Finished writing bin.
Writing bin: /mnt/data/DiskANN-main/build/save/spacev/test1/res_5_dists_float.bin
bin: #pts = 29316, #dims = 1, size = 117272B
Finished writing bin.
Writing bin: /mnt/data/DiskANN-main/build/save/spacev/test1/res_10_idx_uint32.bin
bin: #pts = 29316, #dims = 1, size = 117272B
Finished writing bin.
Writing bin: /mnt/data/DiskANN-main/build/save/spacev/test1/res_10_dists_float.bin
bin: #pts = 29316, #dims = 1, size = 117272B
Finished writing bin.
Writing bin: /mnt/data/DiskANN-main/build/save/spacev/test1/res_15_idx_uint32.bin
bin: #pts = 29316, #dims = 1, size = 117272B
Finished writing bin.
Writing bin: /mnt/data/DiskANN-main/build/save/spacev/test1/res_15_dists_float.bin
bin: #pts = 29316, #dims = 1, size = 117272B
Finished writing bin.
Writing bin: /mnt/data/DiskANN-main/build/save/spacev/test1/res_20_idx_uint32.bin
bin: #pts = 29316, #dims = 1, size = 117272B
Finished writing bin.
Writing bin: /mnt/data/DiskANN-main/build/save/spacev/test1/res_20_dists_float.bin
bin: #pts = 29316, #dims = 1, size = 117272B
Finished writing bin.
Writing bin: /mnt/data/DiskANN-main/build/save/spacev/test1/res_25_idx_uint32.bin
bin: #pts = 29316, #dims = 1, size = 117272B
Finished writing bin.
Writing bin: /mnt/data/DiskANN-main/build/save/spacev/test1/res_25_dists_float.bin
bin: #pts = 29316, #dims = 1, size = 117272B
Finished writing bin.
Writing bin: /mnt/data/DiskANN-main/build/save/spacev/test1/res_30_idx_uint32.bin
bin: #pts = 29316, #dims = 1, size = 117272B
Finished writing bin.
Writing bin: /mnt/data/DiskANN-main/build/save/spacev/test1/res_30_dists_float.bin
bin: #pts = 29316, #dims = 1, size = 117272B
Finished writing bin.
Writing bin: /mnt/data/DiskANN-main/build/save/spacev/test1/res_35_idx_uint32.bin
bin: #pts = 29316, #dims = 1, size = 117272B
Finished writing bin.
Writing bin: /mnt/data/DiskANN-main/build/save/spacev/test1/res_35_dists_float.bin
bin: #pts = 29316, #dims = 1, size = 117272B
Finished writing bin.
Writing bin: /mnt/data/DiskANN-main/build/save/spacev/test1/res_40_idx_uint32.bin
bin: #pts = 29316, #dims = 1, size = 117272B
Finished writing bin.
Writing bin: /mnt/data/DiskANN-main/build/save/spacev/test1/res_40_dists_float.bin
bin: #pts = 29316, #dims = 1, size = 117272B
Finished writing bin.
Writing bin: /mnt/data/DiskANN-main/build/save/spacev/test1/res_45_idx_uint32.bin
bin: #pts = 29316, #dims = 1, size = 117272B
Finished writing bin.
Writing bin: /mnt/data/DiskANN-main/build/save/spacev/test1/res_45_dists_float.bin
bin: #pts = 29316, #dims = 1, size = 117272B
Finished writing bin.
Writing bin: /mnt/data/DiskANN-main/build/save/spacev/test1/res_50_idx_uint32.bin
bin: #pts = 29316, #dims = 1, size = 117272B
Finished writing bin.
Writing bin: /mnt/data/DiskANN-main/build/save/spacev/test1/res_50_dists_float.bin
bin: #pts = 29316, #dims = 1, size = 117272B
Finished writing bin.
Writing bin: /mnt/data/DiskANN-main/build/save/spacev/test1/res_60_idx_uint32.bin
bin: #pts = 29316, #dims = 1, size = 117272B
Finished writing bin.
Writing bin: /mnt/data/DiskANN-main/build/save/spacev/test1/res_60_dists_float.bin
bin: #pts = 29316, #dims = 1, size = 117272B
Finished writing bin.
Writing bin: /mnt/data/DiskANN-main/build/save/spacev/test1/res_80_idx_uint32.bin
bin: #pts = 29316, #dims = 1, size = 117272B
Finished writing bin.
Writing bin: /mnt/data/DiskANN-main/build/save/spacev/test1/res_80_dists_float.bin
bin: #pts = 29316, #dims = 1, size = 117272B
Finished writing bin.
Writing bin: /mnt/data/DiskANN-main/build/save/spacev/test1/res_100_idx_uint32.bin
bin: #pts = 29316, #dims = 1, size = 117272B
Finished writing bin.
Writing bin: /mnt/data/DiskANN-main/build/save/spacev/test1/res_100_dists_float.bin
bin: #pts = 29316, #dims = 1, size = 117272B
Finished writing bin.
Writing bin: /mnt/data/DiskANN-main/build/save/spacev/test1/res_125_idx_uint32.bin
bin: #pts = 29316, #dims = 1, size = 117272B
Finished writing bin.
Writing bin: /mnt/data/DiskANN-main/build/save/spacev/test1/res_125_dists_float.bin
bin: #pts = 29316, #dims = 1, size = 117272B
Finished writing bin.
Writing bin: /mnt/data/DiskANN-main/build/save/spacev/test1/res_150_idx_uint32.bin
bin: #pts = 29316, #dims = 1, size = 117272B
Finished writing bin.
Writing bin: /mnt/data/DiskANN-main/build/save/spacev/test1/res_150_dists_float.bin
bin: #pts = 29316, #dims = 1, size = 117272B
Finished writing bin.
Writing bin: /mnt/data/DiskANN-main/build/save/spacev/test1/res_175_idx_uint32.bin
bin: #pts = 29316, #dims = 1, size = 117272B
Finished writing bin.
Writing bin: /mnt/data/DiskANN-main/build/save/spacev/test1/res_175_dists_float.bin
bin: #pts = 29316, #dims = 1, size = 117272B
Finished writing bin.
Writing bin: /mnt/data/DiskANN-main/build/save/spacev/test1/res_200_idx_uint32.bin
bin: #pts = 29316, #dims = 1, size = 117272B
Finished writing bin.
Writing bin: /mnt/data/DiskANN-main/build/save/spacev/test1/res_200_dists_float.bin
bin: #pts = 29316, #dims = 1, size = 117272B
Finished writing bin.
Writing bin: /mnt/data/DiskANN-main/build/save/spacev/test1/res_225_idx_uint32.bin
bin: #pts = 29316, #dims = 1, size = 117272B
Finished writing bin.
Writing bin: /mnt/data/DiskANN-main/build/save/spacev/test1/res_225_dists_float.bin
bin: #pts = 29316, #dims = 1, size = 117272B
Finished writing bin.
Writing bin: /mnt/data/DiskANN-main/build/save/spacev/test1/res_250_idx_uint32.bin
bin: #pts = 29316, #dims = 1, size = 117272B
Finished writing bin.
Writing bin: /mnt/data/DiskANN-main/build/save/spacev/test1/res_250_dists_float.bin
bin: #pts = 29316, #dims = 1, size = 117272B
Finished writing bin.
Writing bin: /mnt/data/DiskANN-main/build/save/spacev/test1/res_300_idx_uint32.bin
bin: #pts = 29316, #dims = 1, size = 117272B
Finished writing bin.
Writing bin: /mnt/data/DiskANN-main/build/save/spacev/test1/res_300_dists_float.bin
bin: #pts = 29316, #dims = 1, size = 117272B
Finished writing bin.
Writing bin: /mnt/data/DiskANN-main/build/save/spacev/test1/res_350_idx_uint32.bin
bin: #pts = 29316, #dims = 1, size = 117272B
Finished writing bin.
Writing bin: /mnt/data/DiskANN-main/build/save/spacev/test1/res_350_dists_float.bin
bin: #pts = 29316, #dims = 1, size = 117272B
Finished writing bin.
Writing bin: /mnt/data/DiskANN-main/build/save/spacev/test1/res_400_idx_uint32.bin
bin: #pts = 29316, #dims = 1, size = 117272B
Finished writing bin.
Writing bin: /mnt/data/DiskANN-main/build/save/spacev/test1/res_400_dists_float.bin
bin: #pts = 29316, #dims = 1, size = 117272B
Finished writing bin.
Clearing scratch
