nohup: ignoring input
Search parameters: #threads: 1,  beamwidth: 2.
Reading (with alignment) bin file data/gist/gist_query.fbin ...Metadata: #pts = 1000, #dims = 960, aligned_dim = 960... allocating aligned memory of 3840000 bytes... done. Copying data to mem_aligned buffer... done.
Opened: data/gist/gist_query_base_gt100, size: 800008, cache_size: 800008
Reading truthset file data/gist/gist_query_base_gt100 ...
Metadata: #pts = 1000, #dims = 100... 
L2: Using AVX2 distance computation DistanceL2Float
L2: Using AVX2 distance computation DistanceL2Float
Reading bin file save/gist/test2/disk_index_gist_base_R64_L100_A1.2_pq_compressed.bin ...
Opening bin file save/gist/test2/disk_index_gist_base_R64_L100_A1.2_pq_compressed.bin... 
Metadata: #pts = 1000000, #dims = 53...
done.
Reading bin file save/gist/test2/disk_index_gist_base_R64_L100_A1.2_pq_pivots.bin ...
Opening bin file save/gist/test2/disk_index_gist_base_R64_L100_A1.2_pq_pivots.bin... 
Metadata: #pts = 4, #dims = 1...
done.
Offsets: 4096 987144 990992 991216
Reading bin file save/gist/test2/disk_index_gist_base_R64_L100_A1.2_pq_pivots.bin ...
Opening bin file save/gist/test2/disk_index_gist_base_R64_L100_A1.2_pq_pivots.bin... 
Metadata: #pts = 256, #dims = 960...
done.
Reading bin file save/gist/test2/disk_index_gist_base_R64_L100_A1.2_pq_pivots.bin ...
Opening bin file save/gist/test2/disk_index_gist_base_R64_L100_A1.2_pq_pivots.bin... 
Metadata: #pts = 960, #dims = 1...
done.
Reading bin file save/gist/test2/disk_index_gist_base_R64_L100_A1.2_pq_pivots.bin ...
Opening bin file save/gist/test2/disk_index_gist_base_R64_L100_A1.2_pq_pivots.bin... 
Metadata: #pts = 54, #dims = 1...
done.
Loaded PQ Pivots: #ctrs: 256, #dims: 960, #chunks: 53
Loaded PQ centroids and in-memory compressed vectors. #points: 1000000 #dim: 960 #aligned_dim: 960 #chunks: 53
Disk-Index File Meta-data: # nodes per sector: 0, max node len (bytes): 4100, max node degree: 64
Opened file : save/gist/test2/disk_index_gist_base_R64_L100_A1.2_disk.index
Setting up thread-specific contexts for nthreads: 1
allocating ctx: 0x7fd21f7dd000 to thread-id:140540455976064
Loading centroid data from medoids vector data of 1 medoid(s)
done..
Caching 10000 nodes around medoid(s)
Caching 10000...
Level: 1.. #nodes: 1, #nodes thus far: 1
Level: 2.. #nodes: 64, #nodes thus far: 65
Level: 3.. #nodes: 3670, #nodes thus far: 3735
Level: 4. #nodes: 6265, #nodes thus far: 10000
done
Loading the cache list into memory....done.
     L   Beamwidth             QPS    Mean Latency    99.9 Latency        Mean IOs         CPU (s)        Recall@1
======================================================================================================================
    45           2          151.50         6505.75        10159.00           48.28          136.51           80.60
    50           2          138.14         7143.62        11505.00           52.97          151.74           82.30
    75           2           96.02        10304.50        17799.00           76.73          193.76           87.50
   100           2           75.11        13196.84        21980.00          100.71          266.15           90.00
   125           2           60.14        16492.97        25381.00          124.81          323.68           92.30
   150           2           50.38        19697.74        29490.00          148.96          376.56           93.60
   175           2           43.75        22699.89        38305.00          173.08          443.80           94.50
   200           2           37.90        26220.11        38077.00          197.34          529.92           95.10
   150           2           49.60        20015.19        30472.00          148.96          373.31           93.60
   300           2           25.26        39408.47        56794.00          294.61          796.69           97.60
   350           2           21.69        45873.16        64674.00          343.29          867.40           98.20
   400           2           18.89        52701.41        73811.00          391.98          987.46           98.90
   500           2           15.20        65535.70        89951.00          489.39         1250.88           99.50
Done searching. Now saving results 
Writing bin: save/gist/test2/res_45_idx_uint32.bin
bin: #pts = 1000, #dims = 1, size = 4008B
Finished writing bin.
Writing bin: save/gist/test2/res_45_dists_float.bin
bin: #pts = 1000, #dims = 1, size = 4008B
Finished writing bin.
Writing bin: save/gist/test2/res_50_idx_uint32.bin
bin: #pts = 1000, #dims = 1, size = 4008B
Finished writing bin.
Writing bin: save/gist/test2/res_50_dists_float.bin
bin: #pts = 1000, #dims = 1, size = 4008B
Finished writing bin.
Writing bin: save/gist/test2/res_75_idx_uint32.bin
bin: #pts = 1000, #dims = 1, size = 4008B
Finished writing bin.
Writing bin: save/gist/test2/res_75_dists_float.bin
bin: #pts = 1000, #dims = 1, size = 4008B
Finished writing bin.
Writing bin: save/gist/test2/res_100_idx_uint32.bin
bin: #pts = 1000, #dims = 1, size = 4008B
Finished writing bin.
Writing bin: save/gist/test2/res_100_dists_float.bin
bin: #pts = 1000, #dims = 1, size = 4008B
Finished writing bin.
Writing bin: save/gist/test2/res_125_idx_uint32.bin
bin: #pts = 1000, #dims = 1, size = 4008B
Finished writing bin.
Writing bin: save/gist/test2/res_125_dists_float.bin
bin: #pts = 1000, #dims = 1, size = 4008B
Finished writing bin.
Writing bin: save/gist/test2/res_150_idx_uint32.bin
bin: #pts = 1000, #dims = 1, size = 4008B
Finished writing bin.
Writing bin: save/gist/test2/res_150_dists_float.bin
bin: #pts = 1000, #dims = 1, size = 4008B
Finished writing bin.
Writing bin: save/gist/test2/res_175_idx_uint32.bin
bin: #pts = 1000, #dims = 1, size = 4008B
Finished writing bin.
Writing bin: save/gist/test2/res_175_dists_float.bin
bin: #pts = 1000, #dims = 1, size = 4008B
Finished writing bin.
Writing bin: save/gist/test2/res_200_idx_uint32.bin
bin: #pts = 1000, #dims = 1, size = 4008B
Finished writing bin.
Writing bin: save/gist/test2/res_200_dists_float.bin
bin: #pts = 1000, #dims = 1, size = 4008B
Finished writing bin.
Writing bin: save/gist/test2/res_150_idx_uint32.bin
bin: #pts = 1000, #dims = 1, size = 4008B
Finished writing bin.
Writing bin: save/gist/test2/res_150_dists_float.bin
bin: #pts = 1000, #dims = 1, size = 4008B
Finished writing bin.
Writing bin: save/gist/test2/res_300_idx_uint32.bin
bin: #pts = 1000, #dims = 1, size = 4008B
Finished writing bin.
Writing bin: save/gist/test2/res_300_dists_float.bin
bin: #pts = 1000, #dims = 1, size = 4008B
Finished writing bin.
Writing bin: save/gist/test2/res_350_idx_uint32.bin
bin: #pts = 1000, #dims = 1, size = 4008B
Finished writing bin.
Writing bin: save/gist/test2/res_350_dists_float.bin
bin: #pts = 1000, #dims = 1, size = 4008B
Finished writing bin.
Writing bin: save/gist/test2/res_400_idx_uint32.bin
bin: #pts = 1000, #dims = 1, size = 4008B
Finished writing bin.
Writing bin: save/gist/test2/res_400_dists_float.bin
bin: #pts = 1000, #dims = 1, size = 4008B
Finished writing bin.
Writing bin: save/gist/test2/res_500_idx_uint32.bin
bin: #pts = 1000, #dims = 1, size = 4008B
Finished writing bin.
Writing bin: save/gist/test2/res_500_dists_float.bin
bin: #pts = 1000, #dims = 1, size = 4008B
Finished writing bin.
Clearing scratch
