nohup: ignoring input
[1] Using AVX512 InstructionSet!
[1] Set QuantizerFile = 
[1] Setting Dim with value 128
[1] Setting DistCalcMethod with value L2
[1] Setting IndexAlgoType with value BKT
[1] Setting IndexDirectory with value sift1b
[1] Setting QueryPath with value =/mnt/data/DiskANN-main/build/data/bigann/bigann_query.bbin
[1] Setting QueryType with value DEFAULT
[1] Setting TruthPath with value =/mnt/data/DiskANN-main/build/data/bigann/bigann_query_base_gt100
[1] Setting TruthType with value DEFAULT
[1] Setting ValueType with value UInt8
[1] Setting VectorPath with value /mnt/data/DiskANN-main/build/data/bigann/bigann_base.bbin
[1] Setting VectorType with value DEFAULT
[1] Setting WarmupPath with value =/mnt/data/DiskANN-main/build/data/bigann/bigann_query.bbin
[1] Setting WarmupType with value DEFAULT
[1] Setting isExecute with value true
[1] Setting SearchInternalResultNum with value 96
[1] Setting BuildSsdIndex with value true
[1] Setting HashTableExponent with value 4
[1] Setting InternalResultNum with value 64
[1] Setting isExecute with value true
[1] Setting MaxCheck with value 1024
[1] Setting MaxDistRatio with value 8.0
[1] Setting NumberOfThreads with value 1
[1] Setting PostingPageLimit with value 3
[1] Setting ReplicaCount with value 8
[1] Setting ResultNum with value 10
[1] Setting SearchPostingPageLimit with value 3
[1] Setting TmpDir with value /tmp/
[1] Setting BKTKmeansK with value 32
[1] Setting BKTLambdaFactor with value 1.0
[1] Setting BKTLeafSize with value 8
[1] Setting isExecute with value true
[1] Setting NumberOfThreads with value 32
[1] Setting Ratio with value 0.12
[1] Setting SamplesNumber with value 1000
[1] Setting SaveBKT with value false
[1] Setting SelectThreshold with value 50
[1] Setting SplitFactor with value 6
[1] Setting SplitThreshold with value 100
[1] Setting TreeNumber with value 1
[1] Load Vector(1000000000,128)
[1] Begin Select Head...
[1] Load Vector(1000000000,128)
[1] Begin initial data (1000000000,128)...
[1] Begin Adjust Parameters...
[1] Start generating BKT.
[1] Start invoking BuildTrees.
[1] BKTKmeansK: 32, BKTLeafSize: 8, Samples: 1000, BKTLambdaFactor:1.000000 TreeNumber: 1, ThreadNum: 32.
