This file contains any messages produced by compilers while
running configure, to aid debugging if configure makes a mistake.

It was created by gperftools configure 2.16, which was
generated by GNU Autoconf 2.69.  Invocation command line was

  $ ./configure 

## --------- ##
## Platform. ##
## --------- ##

hostname = iZj6ceu72nb0dml28kkgxuZ
uname -m = x86_64
uname -r = 4.18.0-80.11.2.el8_0.x86_64
uname -s = Linux
uname -v = #1 SMP Tue Sep 24 11:32:19 UTC 2019

/usr/bin/uname -p = x86_64
/bin/uname -X     = unknown

/bin/arch              = x86_64
/usr/bin/arch -k       = unknown
/usr/convex/getsysinfo = unknown
/usr/bin/hostinfo      = unknown
/bin/machine           = unknown
/usr/bin/oslevel       = unknown
/bin/universe          = unknown

PATH: /usr/local/sbin
PATH: /usr/local/bin
PATH: /usr/sbin
PATH: /usr/bin
PATH: /root/bin


## ----------- ##
## Core tests. ##
## ----------- ##

configure:2669: checking build system type
configure:2683: result: x86_64-pc-linux-gnu
configure:2703: checking host system type
configure:2716: result: x86_64-pc-linux-gnu
configure:2752: checking for a BSD-compatible install
configure:2820: result: /usr/bin/install -c
configure:2831: checking whether build environment is sane
configure:2886: result: yes
configure:3037: checking for a thread-safe mkdir -p
configure:3076: result: /usr/bin/mkdir -p
configure:3083: checking for gawk
configure:3099: found /usr/bin/gawk
configure:3110: result: gawk
configure:3121: checking whether make sets $(MAKE)
configure:3143: result: yes
configure:3172: checking whether make supports nested variables
configure:3189: result: yes
configure:3278: checking whether UID '0' is supported by ustar format
configure:3281: result: yes
configure:3288: checking whether GID '0' is supported by ustar format
configure:3291: result: yes
configure:3299: checking how to create a ustar tar archive
configure:3310: tar --version
tar (GNU tar) 1.30
Copyright (C) 2017 Free Software Foundation, Inc.
License GPLv3+: GNU GPL version 3 or later <https://gnu.org/licenses/gpl.html>.
This is free software: you are free to change and redistribute it.
There is NO WARRANTY, to the extent permitted by law.

Written by John Gilmore and Jay Fenlason.
configure:3313: $? = 0
configure:3353: tardir=conftest.dir && eval tar --format=ustar -chf - "$tardir" >conftest.tar
configure:3356: $? = 0
configure:3360: tar -xf - <conftest.tar
configure:3363: $? = 0
configure:3365: cat conftest.dir/file
GrepMe
configure:3368: $? = 0
configure:3381: result: gnutar
configure:3435: checking whether to enable maintainer-specific portions of Makefiles
configure:3444: result: no
configure:3487: checking whether make supports the include directive
configure:3502: make -f confmf.GNU && cat confinc.out
this is the am__doit target
configure:3505: $? = 0
configure:3524: result: yes (GNU style)
configure:3594: checking for gcc
configure:3610: found /usr/bin/gcc
configure:3621: result: gcc
configure:3850: checking for C compiler version
configure:3859: gcc --version >&5
gcc (GCC) 8.5.0 20210514 (Red Hat 8.5.0-4)
Copyright (C) 2018 Free Software Foundation, Inc.
This is free software; see the source for copying conditions.  There is NO
warranty; not even for MERCHANTABILITY or FITNESS FOR A PARTICULAR PURPOSE.

configure:3870: $? = 0
configure:3859: gcc -v >&5
Using built-in specs.
COLLECT_GCC=gcc
COLLECT_LTO_WRAPPER=/usr/libexec/gcc/x86_64-redhat-linux/8/lto-wrapper
OFFLOAD_TARGET_NAMES=nvptx-none
OFFLOAD_TARGET_DEFAULT=1
Target: x86_64-redhat-linux
Configured with: ../configure --enable-bootstrap --enable-languages=c,c++,fortran,lto --prefix=/usr --mandir=/usr/share/man --infodir=/usr/share/info --with-bugurl=http://bugzilla.redhat.com/bugzilla --enable-shared --enable-threads=posix --enable-checking=release --enable-multilib --with-system-zlib --enable-__cxa_atexit --disable-libunwind-exceptions --enable-gnu-unique-object --enable-linker-build-id --with-gcc-major-version-only --with-linker-hash-style=gnu --enable-plugin --enable-initfini-array --with-isl --disable-libmpx --enable-offload-targets=nvptx-none --without-cuda-driver --enable-gnu-indirect-function --enable-cet --with-tune=generic --with-arch_32=x86-64 --build=x86_64-redhat-linux
Thread model: posix
gcc version 8.5.0 20210514 (Red Hat 8.5.0-4) (GCC) 
configure:3870: $? = 0
configure:3859: gcc -V >&5
gcc: error: unrecognized command line option '-V'
gcc: fatal error: no input files
compilation terminated.
configure:3870: $? = 1
configure:3859: gcc -qversion >&5
gcc: error: unrecognized command line option '-qversion'; did you mean '--version'?
gcc: fatal error: no input files
compilation terminated.
configure:3870: $? = 1
configure:3890: checking whether the C compiler works
configure:3912: gcc    conftest.c  >&5
configure:3916: $? = 0
configure:3964: result: yes
configure:3967: checking for C compiler default output file name
configure:3969: result: a.out
configure:3975: checking for suffix of executables
configure:3982: gcc -o conftest    conftest.c  >&5
configure:3986: $? = 0
configure:4008: result: 
configure:4030: checking whether we are cross compiling
configure:4038: gcc -o conftest    conftest.c  >&5
configure:4042: $? = 0
configure:4049: ./conftest
configure:4053: $? = 0
configure:4068: result: no
configure:4073: checking for suffix of object files
configure:4095: gcc -c   conftest.c >&5
configure:4099: $? = 0
configure:4120: result: o
configure:4124: checking whether we are using the GNU C compiler
configure:4143: gcc -c   conftest.c >&5
configure:4143: $? = 0
configure:4152: result: yes
configure:4161: checking whether gcc accepts -g
configure:4181: gcc -c -g  conftest.c >&5
configure:4181: $? = 0
configure:4222: result: yes
configure:4239: checking for gcc option to accept ISO C89
configure:4302: gcc  -c -g -O2  conftest.c >&5
configure:4302: $? = 0
configure:4315: result: none needed
configure:4340: checking whether gcc understands -c and -o together
configure:4362: gcc -c conftest.c -o conftest2.o
configure:4365: $? = 0
configure:4362: gcc -c conftest.c -o conftest2.o
configure:4365: $? = 0
configure:4377: result: yes
configure:4396: checking dependency style of gcc
configure:4507: result: gcc3
configure:4539: gcc -c -g -O2  conftest.c >&5
conftest.c: In function 'main':
conftest.c:17:2: error: #error not s390 and not osx
 #error not s390 and not osx
  ^~~~~
configure:4539: $? = 1
configure: failed program was:
| /* confdefs.h */
| #define PACKAGE_NAME "gperftools"
| #define PACKAGE_TARNAME "gperftools"
| #define PACKAGE_VERSION "2.16"
| #define PACKAGE_STRING "gperftools 2.16"
| #define PACKAGE_BUGREPORT "gperftools@googlegroups.com"
| #define PACKAGE_URL ""
| #define PACKAGE "gperftools"
| #define VERSION "2.16"
| /* end confdefs.h.  */
| 
| int
| main ()
| {
| 
| #if !defined(__s390__) && !defined(__APPLE__)
| #error not s390 and not osx
| #endif
| return 1
| 
|   ;
|   return 0;
| }
configure:4560: gcc -c -g -O2  conftest.c >&5
conftest.c: In function 'main':
conftest.c:15:8: error: '__PPC64__' undeclared (first use in this function)
 return __PPC64__
        ^~~~~~~~~
conftest.c:15:8: note: each undeclared identifier is reported only once for each function it appears in
configure:4560: $? = 1
configure: failed program was:
| /* confdefs.h */
| #define PACKAGE_NAME "gperftools"
| #define PACKAGE_TARNAME "gperftools"
| #define PACKAGE_VERSION "2.16"
| #define PACKAGE_STRING "gperftools 2.16"
| #define PACKAGE_BUGREPORT "gperftools@googlegroups.com"
| #define PACKAGE_URL ""
| #define PACKAGE "gperftools"
| #define VERSION "2.16"
| /* end confdefs.h.  */
| 
| int
| main ()
| {
| return __PPC64__
|   ;
|   return 0;
| }
configure:4743: checking for g++
configure:4759: found /usr/bin/g++
configure:4770: result: g++
configure:4797: checking for C++ compiler version
configure:4806: g++ --version >&5
g++ (GCC) 8.5.0 20210514 (Red Hat 8.5.0-4)
Copyright (C) 2018 Free Software Foundation, Inc.
This is free software; see the source for copying conditions.  There is NO
warranty; not even for MERCHANTABILITY or FITNESS FOR A PARTICULAR PURPOSE.

configure:4817: $? = 0
configure:4806: g++ -v >&5
Using built-in specs.
COLLECT_GCC=g++
COLLECT_LTO_WRAPPER=/usr/libexec/gcc/x86_64-redhat-linux/8/lto-wrapper
OFFLOAD_TARGET_NAMES=nvptx-none
OFFLOAD_TARGET_DEFAULT=1
Target: x86_64-redhat-linux
Configured with: ../configure --enable-bootstrap --enable-languages=c,c++,fortran,lto --prefix=/usr --mandir=/usr/share/man --infodir=/usr/share/info --with-bugurl=http://bugzilla.redhat.com/bugzilla --enable-shared --enable-threads=posix --enable-checking=release --enable-multilib --with-system-zlib --enable-__cxa_atexit --disable-libunwind-exceptions --enable-gnu-unique-object --enable-linker-build-id --with-gcc-major-version-only --with-linker-hash-style=gnu --enable-plugin --enable-initfini-array --with-isl --disable-libmpx --enable-offload-targets=nvptx-none --without-cuda-driver --enable-gnu-indirect-function --enable-cet --with-tune=generic --with-arch_32=x86-64 --build=x86_64-redhat-linux
Thread model: posix
gcc version 8.5.0 20210514 (Red Hat 8.5.0-4) (GCC) 
configure:4817: $? = 0
configure:4806: g++ -V >&5
g++: error: unrecognized command line option '-V'
g++: fatal error: no input files
compilation terminated.
configure:4817: $? = 1
configure:4806: g++ -qversion >&5
g++: error: unrecognized command line option '-qversion'; did you mean '--version'?
g++: fatal error: no input files
compilation terminated.
configure:4817: $? = 1
configure:4821: checking whether we are using the GNU C++ compiler
configure:4840: g++ -c   conftest.cpp >&5
configure:4840: $? = 0
configure:4849: result: yes
configure:4858: checking whether g++ accepts -g
configure:4878: g++ -c -g  conftest.cpp >&5
configure:4878: $? = 0
configure:4919: result: yes
configure:4944: checking dependency style of g++
configure:5055: result: gcc3
configure:5118: checking for gcc
configure:5145: result: gcc
configure:5374: checking for C compiler version
configure:5383: gcc --version >&5
gcc (GCC) 8.5.0 20210514 (Red Hat 8.5.0-4)
Copyright (C) 2018 Free Software Foundation, Inc.
This is free software; see the source for copying conditions.  There is NO
warranty; not even for MERCHANTABILITY or FITNESS FOR A PARTICULAR PURPOSE.

configure:5394: $? = 0
configure:5383: gcc -v >&5
Using built-in specs.
COLLECT_GCC=gcc
COLLECT_LTO_WRAPPER=/usr/libexec/gcc/x86_64-redhat-linux/8/lto-wrapper
OFFLOAD_TARGET_NAMES=nvptx-none
OFFLOAD_TARGET_DEFAULT=1
Target: x86_64-redhat-linux
Configured with: ../configure --enable-bootstrap --enable-languages=c,c++,fortran,lto --prefix=/usr --mandir=/usr/share/man --infodir=/usr/share/info --with-bugurl=http://bugzilla.redhat.com/bugzilla --enable-shared --enable-threads=posix --enable-checking=release --enable-multilib --with-system-zlib --enable-__cxa_atexit --disable-libunwind-exceptions --enable-gnu-unique-object --enable-linker-build-id --with-gcc-major-version-only --with-linker-hash-style=gnu --enable-plugin --enable-initfini-array --with-isl --disable-libmpx --enable-offload-targets=nvptx-none --without-cuda-driver --enable-gnu-indirect-function --enable-cet --with-tune=generic --with-arch_32=x86-64 --build=x86_64-redhat-linux
Thread model: posix
gcc version 8.5.0 20210514 (Red Hat 8.5.0-4) (GCC) 
configure:5394: $? = 0
configure:5383: gcc -V >&5
gcc: error: unrecognized command line option '-V'
gcc: fatal error: no input files
compilation terminated.
configure:5394: $? = 1
configure:5383: gcc -qversion >&5
gcc: error: unrecognized command line option '-qversion'; did you mean '--version'?
gcc: fatal error: no input files
compilation terminated.
configure:5394: $? = 1
configure:5398: checking whether we are using the GNU C compiler
configure:5426: result: yes
configure:5435: checking whether gcc accepts -g
configure:5496: result: yes
configure:5513: checking for gcc option to accept ISO C89
configure:5589: result: none needed
configure:5614: checking whether gcc understands -c and -o together
configure:5651: result: yes
configure:5670: checking dependency style of gcc
configure:5781: result: gcc3
configure:5824: checking whether g++ supports C++17 features with -std=gnu++17
configure:6618: g++ -std=gnu++17 -c -g -O2  conftest.cpp >&5
configure:6618: $? = 0
configure:6627: result: yes
configure:6711: checking how to print strings
configure:6738: result: printf
configure:6759: checking for a sed that does not truncate output
configure:6823: result: /usr/bin/sed
configure:6841: checking for grep that handles long lines and -e
configure:6899: result: /usr/bin/grep
configure:6904: checking for egrep
configure:6966: result: /usr/bin/grep -E
configure:6971: checking for fgrep
configure:7033: result: /usr/bin/grep -F
configure:7068: checking for ld used by gcc
configure:7135: result: /usr/bin/ld
configure:7142: checking if the linker (/usr/bin/ld) is GNU ld
configure:7157: result: yes
configure:7169: checking for BSD- or MS-compatible name lister (nm)
configure:7223: result: /usr/bin/nm -B
configure:7353: checking the name lister (/usr/bin/nm -B) interface
configure:7360: g++ -std=gnu++17 -c -g -O2  conftest.cpp >&5
configure:7363: /usr/bin/nm -B "conftest.o"
configure:7366: output
0000000000000000 B some_variable
configure:7373: result: BSD nm
configure:7376: checking whether ln -s works
configure:7380: result: yes
configure:7388: checking the maximum length of command line arguments
configure:7519: result: 1572864
configure:7567: checking how to convert x86_64-pc-linux-gnu file names to x86_64-pc-linux-gnu format
configure:7607: result: func_convert_file_noop
configure:7614: checking how to convert x86_64-pc-linux-gnu file names to toolchain format
configure:7634: result: func_convert_file_noop
configure:7641: checking for /usr/bin/ld option to reload object files
configure:7648: result: -r
configure:7722: checking for objdump
configure:7738: found /usr/bin/objdump
configure:7749: result: objdump
configure:7781: checking how to recognize dependent libraries
configure:7981: result: pass_all
configure:8066: checking for dlltool
configure:8096: result: no
configure:8126: checking how to associate runtime and link libraries
configure:8153: result: printf %s\n
configure:8213: checking for ar
configure:8229: found /usr/bin/ar
configure:8240: result: ar
configure:8277: checking for archiver @FILE support
configure:8294: g++ -std=gnu++17 -c -g -O2  conftest.cpp >&5
configure:8294: $? = 0
configure:8297: ar cru libconftest.a @conftest.lst >&5
configure:8300: $? = 0
configure:8305: ar cru libconftest.a @conftest.lst >&5
ar: conftest.o: No such file or directory
configure:8308: $? = 1
configure:8320: result: @
configure:8378: checking for strip
configure:8394: found /usr/bin/strip
configure:8405: result: strip
configure:8477: checking for ranlib
configure:8493: found /usr/bin/ranlib
configure:8504: result: ranlib
configure:8606: checking command to parse /usr/bin/nm -B output from gcc object
configure:8759: g++ -std=gnu++17 -c -g -O2  conftest.cpp >&5
configure:8762: $? = 0
configure:8766: /usr/bin/nm -B conftest.o \| sed -n -e 's/^.*[ ]\([ABCDGIRSTW][ABCDGIRSTW]*\)[ ][ ]*\([_A-Za-z][_A-Za-z0-9]*\)$/\1 \2 \2/p' | sed '/ __gnu_lto/d' \> conftest.nm
configure:8769: $? = 0
configure:8835: g++ -std=gnu++17 -o conftest -g -O2   conftest.cpp conftstm.o >&5
configure:8838: $? = 0
configure:8876: result: ok
configure:8923: checking for sysroot
configure:8953: result: no
configure:8960: checking for a working dd
configure:8998: result: /usr/bin/dd
configure:9002: checking how to truncate binary pipes
configure:9017: result: /usr/bin/dd bs=4096 count=1
configure:9153: g++ -std=gnu++17 -c -g -O2  conftest.cpp >&5
configure:9156: $? = 0
configure:9346: checking for mt
configure:9376: result: no
configure:9396: checking if : is a manifest tool
configure:9402: : '-?'
configure:9410: result: no
configure:10087: checking how to run the C preprocessor
configure:10118: gcc -E  conftest.c
configure:10118: $? = 0
configure:10132: gcc -E  conftest.c
conftest.c:12:10: fatal error: ac_nonexistent.h: No such file or directory
 #include <ac_nonexistent.h>
          ^~~~~~~~~~~~~~~~~~
compilation terminated.
configure:10132: $? = 1
configure: failed program was:
| /* confdefs.h */
| #define PACKAGE_NAME "gperftools"
| #define PACKAGE_TARNAME "gperftools"
| #define PACKAGE_VERSION "2.16"
| #define PACKAGE_STRING "gperftools 2.16"
| #define PACKAGE_BUGREPORT "gperftools@googlegroups.com"
| #define PACKAGE_URL ""
| #define PACKAGE "gperftools"
| #define VERSION "2.16"
| #define HAVE_CXX17 1
| /* end confdefs.h.  */
| #include <ac_nonexistent.h>
configure:10157: result: gcc -E
configure:10177: gcc -E  conftest.c
configure:10177: $? = 0
configure:10191: gcc -E  conftest.c
conftest.c:12:10: fatal error: ac_nonexistent.h: No such file or directory
 #include <ac_nonexistent.h>
          ^~~~~~~~~~~~~~~~~~
compilation terminated.
configure:10191: $? = 1
configure: failed program was:
| /* confdefs.h */
| #define PACKAGE_NAME "gperftools"
| #define PACKAGE_TARNAME "gperftools"
| #define PACKAGE_VERSION "2.16"
| #define PACKAGE_STRING "gperftools 2.16"
| #define PACKAGE_BUGREPORT "gperftools@googlegroups.com"
| #define PACKAGE_URL ""
| #define PACKAGE "gperftools"
| #define VERSION "2.16"
| #define HAVE_CXX17 1
| /* end confdefs.h.  */
| #include <ac_nonexistent.h>
configure:10220: checking for ANSI C header files
configure:10240: gcc -c -g -O2  conftest.c >&5
configure:10240: $? = 0
configure:10313: gcc -o conftest -g -O2   conftest.c  >&5
configure:10313: $? = 0
configure:10313: ./conftest
configure:10313: $? = 0
configure:10324: result: yes
configure:10337: checking for sys/types.h
configure:10337: gcc -c -g -O2  conftest.c >&5
configure:10337: $? = 0
configure:10337: result: yes
configure:10337: checking for sys/stat.h
configure:10337: gcc -c -g -O2  conftest.c >&5
configure:10337: $? = 0
configure:10337: result: yes
configure:10337: checking for stdlib.h
configure:10337: gcc -c -g -O2  conftest.c >&5
configure:10337: $? = 0
configure:10337: result: yes
configure:10337: checking for string.h
configure:10337: gcc -c -g -O2  conftest.c >&5
configure:10337: $? = 0
configure:10337: result: yes
configure:10337: checking for memory.h
configure:10337: gcc -c -g -O2  conftest.c >&5
configure:10337: $? = 0
configure:10337: result: yes
configure:10337: checking for strings.h
configure:10337: gcc -c -g -O2  conftest.c >&5
configure:10337: $? = 0
configure:10337: result: yes
configure:10337: checking for inttypes.h
configure:10337: gcc -c -g -O2  conftest.c >&5
configure:10337: $? = 0
configure:10337: result: yes
configure:10337: checking for stdint.h
configure:10337: gcc -c -g -O2  conftest.c >&5
configure:10337: $? = 0
configure:10337: result: yes
configure:10337: checking for unistd.h
configure:10337: gcc -c -g -O2  conftest.c >&5
configure:10337: $? = 0
configure:10337: result: yes
configure:10351: checking for dlfcn.h
configure:10351: gcc -c -g -O2  conftest.c >&5
configure:10351: $? = 0
configure:10351: result: yes
configure:10617: checking for objdir
configure:10632: result: .libs
configure:10896: checking if gcc supports -fno-rtti -fno-exceptions
configure:10914: gcc -c -g -O2  -fno-rtti -fno-exceptions conftest.c >&5
cc1: warning: command line option '-fno-rtti' is valid for C++/ObjC++ but not for C
configure:10918: $? = 0
configure:10931: result: no
configure:11289: checking for gcc option to produce PIC
configure:11296: result: -fPIC -DPIC
configure:11304: checking if gcc PIC flag -fPIC -DPIC works
configure:11322: gcc -c -g -O2  -fPIC -DPIC -DPIC conftest.c >&5
configure:11326: $? = 0
configure:11339: result: yes
configure:11368: checking if gcc static flag -static works
configure:11396: result: no
configure:11411: checking if gcc supports -c -o file.o
configure:11432: gcc -c -g -O2  -o out/conftest2.o conftest.c >&5
configure:11436: $? = 0
configure:11458: result: yes
configure:11466: checking if gcc supports -c -o file.o
configure:11513: result: yes
configure:11546: checking whether the gcc linker (/usr/bin/ld -m elf_x86_64) supports shared libraries
configure:12805: result: yes
configure:12842: checking whether -lc should be explicitly linked in
configure:12850: gcc -c -g -O2  conftest.c >&5
configure:12853: $? = 0
configure:12868: gcc -shared  -fPIC -DPIC conftest.o  -v -Wl,-soname -Wl,conftest -o conftest 2\>\&1 \| /usr/bin/grep  -lc  \>/dev/null 2\>\&1
configure:12871: $? = 0
configure:12885: result: no
configure:13045: checking dynamic linker characteristics
configure:13626: gcc -o conftest -g -O2   -Wl,-rpath -Wl,/foo conftest.c  >&5
configure:13626: $? = 0
configure:13866: result: GNU/Linux ld.so
configure:13988: checking how to hardcode library paths into programs
configure:14013: result: immediate
configure:14561: checking whether stripping libraries is possible
configure:14566: result: yes
configure:14601: checking if libtool supports shared libraries
configure:14603: result: yes
configure:14606: checking whether to build shared libraries
configure:14631: result: yes
configure:14634: checking whether to build static libraries
configure:14638: result: yes
configure:14661: checking how to run the C++ preprocessor
configure:14688: g++ -std=gnu++17 -E  conftest.cpp
configure:14688: $? = 0
configure:14702: g++ -std=gnu++17 -E  conftest.cpp
conftest.cpp:24:10: fatal error: ac_nonexistent.h: No such file or directory
 #include <ac_nonexistent.h>
          ^~~~~~~~~~~~~~~~~~
compilation terminated.
configure:14702: $? = 1
configure: failed program was:
| /* confdefs.h */
| #define PACKAGE_NAME "gperftools"
| #define PACKAGE_TARNAME "gperftools"
| #define PACKAGE_VERSION "2.16"
| #define PACKAGE_STRING "gperftools 2.16"
| #define PACKAGE_BUGREPORT "gperftools@googlegroups.com"
| #define PACKAGE_URL ""
| #define PACKAGE "gperftools"
| #define VERSION "2.16"
| #define HAVE_CXX17 1
| #define STDC_HEADERS 1
| #define HAVE_SYS_TYPES_H 1
| #define HAVE_SYS_STAT_H 1
| #define HAVE_STDLIB_H 1
| #define HAVE_STRING_H 1
| #define HAVE_MEMORY_H 1
| #define HAVE_STRINGS_H 1
| #define HAVE_INTTYPES_H 1
| #define HAVE_STDINT_H 1
| #define HAVE_UNISTD_H 1
| #define HAVE_DLFCN_H 1
| #define LT_OBJDIR ".libs/"
| /* end confdefs.h.  */
| #include <ac_nonexistent.h>
configure:14727: result: g++ -std=gnu++17 -E
configure:14747: g++ -std=gnu++17 -E  conftest.cpp
configure:14747: $? = 0
configure:14761: g++ -std=gnu++17 -E  conftest.cpp
conftest.cpp:24:10: fatal error: ac_nonexistent.h: No such file or directory
 #include <ac_nonexistent.h>
          ^~~~~~~~~~~~~~~~~~
compilation terminated.
configure:14761: $? = 1
configure: failed program was:
| /* confdefs.h */
| #define PACKAGE_NAME "gperftools"
| #define PACKAGE_TARNAME "gperftools"
| #define PACKAGE_VERSION "2.16"
| #define PACKAGE_STRING "gperftools 2.16"
| #define PACKAGE_BUGREPORT "gperftools@googlegroups.com"
| #define PACKAGE_URL ""
| #define PACKAGE "gperftools"
| #define VERSION "2.16"
| #define HAVE_CXX17 1
| #define STDC_HEADERS 1
| #define HAVE_SYS_TYPES_H 1
| #define HAVE_SYS_STAT_H 1
| #define HAVE_STDLIB_H 1
| #define HAVE_STRING_H 1
| #define HAVE_MEMORY_H 1
| #define HAVE_STRINGS_H 1
| #define HAVE_INTTYPES_H 1
| #define HAVE_STDINT_H 1
| #define HAVE_UNISTD_H 1
| #define HAVE_DLFCN_H 1
| #define LT_OBJDIR ".libs/"
| /* end confdefs.h.  */
| #include <ac_nonexistent.h>
configure:14923: checking for ld used by g++ -std=gnu++17
configure:14990: result: /usr/bin/ld -m elf_x86_64
configure:14997: checking if the linker (/usr/bin/ld -m elf_x86_64) is GNU ld
configure:15012: result: yes
configure:15067: checking whether the g++ -std=gnu++17 linker (/usr/bin/ld -m elf_x86_64) supports shared libraries
configure:16140: result: yes
configure:16176: g++ -std=gnu++17 -c -g -O2  conftest.cpp >&5
configure:16179: $? = 0
configure:16660: checking for g++ -std=gnu++17 option to produce PIC
configure:16667: result: -fPIC -DPIC
configure:16675: checking if g++ -std=gnu++17 PIC flag -fPIC -DPIC works
configure:16693: g++ -std=gnu++17 -c -g -O2  -fPIC -DPIC -DPIC conftest.cpp >&5
configure:16697: $? = 0
configure:16710: result: yes
configure:16733: checking if g++ -std=gnu++17 static flag -static works
configure:16761: result: no
configure:16773: checking if g++ -std=gnu++17 supports -c -o file.o
configure:16794: g++ -std=gnu++17 -c -g -O2  -o out/conftest2.o conftest.cpp >&5
configure:16798: $? = 0
configure:16820: result: yes
configure:16825: checking if g++ -std=gnu++17 supports -c -o file.o
configure:16872: result: yes
configure:16902: checking whether the g++ -std=gnu++17 linker (/usr/bin/ld -m elf_x86_64) supports shared libraries
configure:16942: result: yes
configure:17083: checking dynamic linker characteristics
configure:17831: result: GNU/Linux ld.so
configure:17896: checking how to hardcode library paths into programs
configure:17921: result: immediate
configure:17988: checking compiler and target supports -fno-omit-frame-pointer -momit-leaf-frame-pointer
configure:18009: g++ -std=gnu++17 -c -g -O2 -fno-omit-frame-pointer -momit-leaf-frame-pointer  conftest.cpp >&5
configure:18009: $? = 0
configure:18017: result: yes
configure:18029: checking compiler and target supports -Wthread-safety
configure:18047: g++ -std=gnu++17 -c -g -O2 -Wthread-safety  conftest.cpp >&5
g++: error: unrecognized command line option '-Wthread-safety'; did you mean '-fthread-jumps'?
configure:18047: $? = 1
configure: failed program was:
| /* confdefs.h */
| #define PACKAGE_NAME "gperftools"
| #define PACKAGE_TARNAME "gperftools"
| #define PACKAGE_VERSION "2.16"
| #define PACKAGE_STRING "gperftools 2.16"
| #define PACKAGE_BUGREPORT "gperftools@googlegroups.com"
| #define PACKAGE_URL ""
| #define PACKAGE "gperftools"
| #define VERSION "2.16"
| #define HAVE_CXX17 1
| #define STDC_HEADERS 1
| #define HAVE_SYS_TYPES_H 1
| #define HAVE_SYS_STAT_H 1
| #define HAVE_STDLIB_H 1
| #define HAVE_STRING_H 1
| #define HAVE_MEMORY_H 1
| #define HAVE_STRINGS_H 1
| #define HAVE_INTTYPES_H 1
| #define HAVE_STDINT_H 1
| #define HAVE_UNISTD_H 1
| #define HAVE_DLFCN_H 1
| #define LT_OBJDIR ".libs/"
| /* end confdefs.h.  */
| 
| int
| main ()
| {
| 
|   ;
|   return 0;
| }
configure:18055: result: no
configure:18067: checking for __attribute__
configure:18086: g++ -std=gnu++17 -c -g -O2  conftest.cpp >&5
configure:18086: $? = 0
configure:18100: result: yes
configure:18104: checking for __attribute__((aligned(N))) on functions
configure:18123: g++ -std=gnu++17 -c -g -O2  conftest.cpp >&5
configure:18123: $? = 0
configure:18137: result: yes
configure:18142: checking for struct mallinfo
configure:18142: g++ -std=gnu++17 -c -g -O2  conftest.cpp >&5
configure:18142: $? = 0
configure:18142: g++ -std=gnu++17 -c -g -O2  conftest.cpp >&5
conftest.cpp: In function 'int main()':
conftest.cpp:31:14: error: expected primary-expression before 'struct'
 if (sizeof ((struct mallinfo)))
              ^~~~~~
conftest.cpp:31:14: error: expected ')' before 'struct'
 if (sizeof ((struct mallinfo)))
             ~^~~~~~
              )
conftest.cpp:32:14: error: expected ')' before ';' token
      return 0;
              ^
              )
conftest.cpp:31:12: note: to match this '('
 if (sizeof ((struct mallinfo)))
            ^
conftest.cpp:32:14: error: expected ')' before ';' token
      return 0;
              ^
              )
conftest.cpp:31:4: note: to match this '('
 if (sizeof ((struct mallinfo)))
    ^
configure:18142: $? = 1
configure: failed program was:
| /* confdefs.h */
| #define PACKAGE_NAME "gperftools"
| #define PACKAGE_TARNAME "gperftools"
| #define PACKAGE_VERSION "2.16"
| #define PACKAGE_STRING "gperftools 2.16"
| #define PACKAGE_BUGREPORT "gperftools@googlegroups.com"
| #define PACKAGE_URL ""
| #define PACKAGE "gperftools"
| #define VERSION "2.16"
| #define HAVE_CXX17 1
| #define STDC_HEADERS 1
| #define HAVE_SYS_TYPES_H 1
| #define HAVE_SYS_STAT_H 1
| #define HAVE_STDLIB_H 1
| #define HAVE_STRING_H 1
| #define HAVE_MEMORY_H 1
| #define HAVE_STRINGS_H 1
| #define HAVE_INTTYPES_H 1
| #define HAVE_STDINT_H 1
| #define HAVE_UNISTD_H 1
| #define HAVE_DLFCN_H 1
| #define LT_OBJDIR ".libs/"
| #define HAVE___ATTRIBUTE__ 1
| #define HAVE___ATTRIBUTE__ALIGNED_FN 1
| /* end confdefs.h.  */
| #include <malloc.h>
| 
| int
| main ()
| {
| if (sizeof ((struct mallinfo)))
| 	    return 0;
|   ;
|   return 0;
| }
configure:18142: result: yes
configure:18153: checking for struct mallinfo2
configure:18153: g++ -std=gnu++17 -c -g -O2  conftest.cpp >&5
conftest.cpp: In function 'int main()':
conftest.cpp:32:29: error: invalid application of 'sizeof' to incomplete type 'main()::mallinfo2'
 if (sizeof (struct mallinfo2))
                             ^
configure:18153: $? = 1
configure: failed program was:
| /* confdefs.h */
| #define PACKAGE_NAME "gperftools"
| #define PACKAGE_TARNAME "gperftools"
| #define PACKAGE_VERSION "2.16"
| #define PACKAGE_STRING "gperftools 2.16"
| #define PACKAGE_BUGREPORT "gperftools@googlegroups.com"
| #define PACKAGE_URL ""
| #define PACKAGE "gperftools"
| #define VERSION "2.16"
| #define HAVE_CXX17 1
| #define STDC_HEADERS 1
| #define HAVE_SYS_TYPES_H 1
| #define HAVE_SYS_STAT_H 1
| #define HAVE_STDLIB_H 1
| #define HAVE_STRING_H 1
| #define HAVE_MEMORY_H 1
| #define HAVE_STRINGS_H 1
| #define HAVE_INTTYPES_H 1
| #define HAVE_STDINT_H 1
| #define HAVE_UNISTD_H 1
| #define HAVE_DLFCN_H 1
| #define LT_OBJDIR ".libs/"
| #define HAVE___ATTRIBUTE__ 1
| #define HAVE___ATTRIBUTE__ALIGNED_FN 1
| #define HAVE_STRUCT_MALLINFO 1
| /* end confdefs.h.  */
| #include <malloc.h>
| 
| int
| main ()
| {
| if (sizeof (struct mallinfo2))
| 	 return 0;
|   ;
|   return 0;
| }
configure:18153: result: no
configure:18166: checking for sbrk
configure:18166: g++ -std=gnu++17 -o conftest -g -O2   conftest.cpp  >&5
configure:18166: $? = 0
configure:18166: result: yes
configure:18177: checking for geteuid
configure:18177: g++ -std=gnu++17 -o conftest -g -O2   conftest.cpp  >&5
configure:18177: $? = 0
configure:18177: result: yes
configure:18189: checking features.h usability
configure:18189: g++ -std=gnu++17 -c -g -O2  conftest.cpp >&5
configure:18189: $? = 0
configure:18189: result: yes
configure:18189: checking features.h presence
configure:18189: g++ -std=gnu++17 -E  conftest.cpp
configure:18189: $? = 0
configure:18189: result: yes
configure:18189: checking for features.h
configure:18189: result: yes
configure:18201: checking malloc.h usability
configure:18201: g++ -std=gnu++17 -c -g -O2  conftest.cpp >&5
configure:18201: $? = 0
configure:18201: result: yes
configure:18201: checking malloc.h presence
configure:18201: g++ -std=gnu++17 -E  conftest.cpp
configure:18201: $? = 0
configure:18201: result: yes
configure:18201: checking for malloc.h
configure:18201: result: yes
configure:18213: checking glob.h usability
configure:18213: g++ -std=gnu++17 -c -g -O2  conftest.cpp >&5
configure:18213: $? = 0
configure:18213: result: yes
configure:18213: checking glob.h presence
configure:18213: g++ -std=gnu++17 -E  conftest.cpp
configure:18213: $? = 0
configure:18213: result: yes
configure:18213: checking for glob.h
configure:18213: result: yes
configure:18225: checking execinfo.h usability
configure:18225: g++ -std=gnu++17 -c -g -O2  conftest.cpp >&5
configure:18225: $? = 0
configure:18225: result: yes
configure:18225: checking execinfo.h presence
configure:18225: g++ -std=gnu++17 -E  conftest.cpp
configure:18225: $? = 0
configure:18225: result: yes
configure:18225: checking for execinfo.h
configure:18225: result: yes
configure:18237: checking sched.h usability
configure:18237: g++ -std=gnu++17 -c -g -O2  conftest.cpp >&5
configure:18237: $? = 0
configure:18237: result: yes
configure:18237: checking sched.h presence
configure:18237: g++ -std=gnu++17 -E  conftest.cpp
configure:18237: $? = 0
configure:18237: result: yes
configure:18237: checking for sched.h
configure:18237: result: yes
configure:18249: checking sys/syscall.h usability
configure:18249: g++ -std=gnu++17 -c -g -O2  conftest.cpp >&5
configure:18249: $? = 0
configure:18249: result: yes
configure:18249: checking sys/syscall.h presence
configure:18249: g++ -std=gnu++17 -E  conftest.cpp
configure:18249: $? = 0
configure:18249: result: yes
configure:18249: checking for sys/syscall.h
configure:18249: result: yes
configure:18261: checking fcntl.h usability
configure:18261: g++ -std=gnu++17 -c -g -O2  conftest.cpp >&5
configure:18261: $? = 0
configure:18261: result: yes
configure:18261: checking fcntl.h presence
configure:18261: g++ -std=gnu++17 -E  conftest.cpp
configure:18261: $? = 0
configure:18261: result: yes
configure:18261: checking for fcntl.h
configure:18261: result: yes
configure:18273: checking sys/cdefs.h usability
configure:18273: g++ -std=gnu++17 -c -g -O2  conftest.cpp >&5
configure:18273: $? = 0
configure:18273: result: yes
configure:18273: checking sys/cdefs.h presence
configure:18273: g++ -std=gnu++17 -E  conftest.cpp
configure:18273: $? = 0
configure:18273: result: yes
configure:18273: checking for sys/cdefs.h
configure:18273: result: yes
configure:18286: checking sys/ucontext.h usability
configure:18286: g++ -std=gnu++17 -c -g -O2  conftest.cpp >&5
configure:18286: $? = 0
configure:18286: result: yes
configure:18286: checking sys/ucontext.h presence
configure:18286: g++ -std=gnu++17 -E  conftest.cpp
configure:18286: $? = 0
configure:18286: result: yes
configure:18286: checking for sys/ucontext.h
configure:18286: result: yes
configure:18298: checking ucontext.h usability
configure:18298: g++ -std=gnu++17 -c -g -O2  conftest.cpp >&5
configure:18298: $? = 0
configure:18298: result: yes
configure:18298: checking ucontext.h presence
configure:18298: g++ -std=gnu++17 -E  conftest.cpp
configure:18298: $? = 0
configure:18298: result: yes
configure:18298: checking for ucontext.h
configure:18298: result: yes
configure:18310: checking cygwin/signal.h usability
configure:18310: g++ -std=gnu++17 -c -g -O2  conftest.cpp >&5
conftest.cpp:72:10: fatal error: cygwin/signal.h: No such file or directory
 #include <cygwin/signal.h>
          ^~~~~~~~~~~~~~~~~
compilation terminated.
configure:18310: $? = 1
configure: failed program was:
| /* confdefs.h */
| #define PACKAGE_NAME "gperftools"
| #define PACKAGE_TARNAME "gperftools"
| #define PACKAGE_VERSION "2.16"
| #define PACKAGE_STRING "gperftools 2.16"
| #define PACKAGE_BUGREPORT "gperftools@googlegroups.com"
| #define PACKAGE_URL ""
| #define PACKAGE "gperftools"
| #define VERSION "2.16"
| #define HAVE_CXX17 1
| #define STDC_HEADERS 1
| #define HAVE_SYS_TYPES_H 1
| #define HAVE_SYS_STAT_H 1
| #define HAVE_STDLIB_H 1
| #define HAVE_STRING_H 1
| #define HAVE_MEMORY_H 1
| #define HAVE_STRINGS_H 1
| #define HAVE_INTTYPES_H 1
| #define HAVE_STDINT_H 1
| #define HAVE_UNISTD_H 1
| #define HAVE_DLFCN_H 1
| #define LT_OBJDIR ".libs/"
| #define HAVE___ATTRIBUTE__ 1
| #define HAVE___ATTRIBUTE__ALIGNED_FN 1
| #define HAVE_STRUCT_MALLINFO 1
| #define HAVE_SBRK 1
| #define HAVE_GETEUID 1
| #define HAVE_FEATURES_H 1
| #define HAVE_MALLOC_H 1
| #define HAVE_GLOB_H 1
| #define HAVE_EXECINFO_H 1
| #define HAVE_SCHED_H 1
| #define HAVE_SYS_SYSCALL_H 1
| #define HAVE_FCNTL_H 1
| #define HAVE_SYS_CDEFS_H 1
| #define HAVE_SYS_UCONTEXT_H 1
| #define HAVE_UCONTEXT_H 1
| /* end confdefs.h.  */
| #include <stdio.h>
| #ifdef HAVE_SYS_TYPES_H
| # include <sys/types.h>
| #endif
| #ifdef HAVE_SYS_STAT_H
| # include <sys/stat.h>
| #endif
| #ifdef STDC_HEADERS
| # include <stdlib.h>
| # include <stddef.h>
| #else
| # ifdef HAVE_STDLIB_H
| #  include <stdlib.h>
| # endif
| #endif
| #ifdef HAVE_STRING_H
| # if !defined STDC_HEADERS && defined HAVE_MEMORY_H
| #  include <memory.h>
| # endif
| # include <string.h>
| #endif
| #ifdef HAVE_STRINGS_H
| # include <strings.h>
| #endif
| #ifdef HAVE_INTTYPES_H
| # include <inttypes.h>
| #endif
| #ifdef HAVE_STDINT_H
| # include <stdint.h>
| #endif
| #ifdef HAVE_UNISTD_H
| # include <unistd.h>
| #endif
| #include <cygwin/signal.h>
configure:18310: result: no
configure:18310: checking cygwin/signal.h presence
configure:18310: g++ -std=gnu++17 -E  conftest.cpp
conftest.cpp:39:10: fatal error: cygwin/signal.h: No such file or directory
 #include <cygwin/signal.h>
          ^~~~~~~~~~~~~~~~~
compilation terminated.
configure:18310: $? = 1
configure: failed program was:
| /* confdefs.h */
| #define PACKAGE_NAME "gperftools"
| #define PACKAGE_TARNAME "gperftools"
| #define PACKAGE_VERSION "2.16"
| #define PACKAGE_STRING "gperftools 2.16"
| #define PACKAGE_BUGREPORT "gperftools@googlegroups.com"
| #define PACKAGE_URL ""
| #define PACKAGE "gperftools"
| #define VERSION "2.16"
| #define HAVE_CXX17 1
| #define STDC_HEADERS 1
| #define HAVE_SYS_TYPES_H 1
| #define HAVE_SYS_STAT_H 1
| #define HAVE_STDLIB_H 1
| #define HAVE_STRING_H 1
| #define HAVE_MEMORY_H 1
| #define HAVE_STRINGS_H 1
| #define HAVE_INTTYPES_H 1
| #define HAVE_STDINT_H 1
| #define HAVE_UNISTD_H 1
| #define HAVE_DLFCN_H 1
| #define LT_OBJDIR ".libs/"
| #define HAVE___ATTRIBUTE__ 1
| #define HAVE___ATTRIBUTE__ALIGNED_FN 1
| #define HAVE_STRUCT_MALLINFO 1
| #define HAVE_SBRK 1
| #define HAVE_GETEUID 1
| #define HAVE_FEATURES_H 1
| #define HAVE_MALLOC_H 1
| #define HAVE_GLOB_H 1
| #define HAVE_EXECINFO_H 1
| #define HAVE_SCHED_H 1
| #define HAVE_SYS_SYSCALL_H 1
| #define HAVE_FCNTL_H 1
| #define HAVE_SYS_CDEFS_H 1
| #define HAVE_SYS_UCONTEXT_H 1
| #define HAVE_UCONTEXT_H 1
| /* end confdefs.h.  */
| #include <cygwin/signal.h>
configure:18310: result: no
configure:18310: checking for cygwin/signal.h
configure:18310: result: no
configure:18322: checking asm/ptrace.h usability
configure:18322: g++ -std=gnu++17 -c -g -O2  conftest.cpp >&5
configure:18322: $? = 0
configure:18322: result: yes
configure:18322: checking asm/ptrace.h presence
configure:18322: g++ -std=gnu++17 -E  conftest.cpp
configure:18322: $? = 0
configure:18322: result: yes
configure:18322: checking for asm/ptrace.h
configure:18322: result: yes
configure:18339: checking for library containing regexec
configure:18370: g++ -std=gnu++17 -o conftest -g -O2   conftest.cpp  >&5
configure:18370: $? = 0
configure:18387: result: none required
configure:18404: checking whether cfree is declared
configure:18404: g++ -std=gnu++17 -c -g -O2  conftest.cpp >&5
conftest.cpp: In function 'int main()':
conftest.cpp:50:10: error: 'cfree' was not declared in this scope
   (void) cfree;
          ^~~~~
conftest.cpp:50:10: note: suggested alternative: 'free'
   (void) cfree;
          ^~~~~
          free
configure:18404: $? = 1
configure: failed program was:
| /* confdefs.h */
| #define PACKAGE_NAME "gperftools"
| #define PACKAGE_TARNAME "gperftools"
| #define PACKAGE_VERSION "2.16"
| #define PACKAGE_STRING "gperftools 2.16"
| #define PACKAGE_BUGREPORT "gperftools@googlegroups.com"
| #define PACKAGE_URL ""
| #define PACKAGE "gperftools"
| #define VERSION "2.16"
| #define HAVE_CXX17 1
| #define STDC_HEADERS 1
| #define HAVE_SYS_TYPES_H 1
| #define HAVE_SYS_STAT_H 1
| #define HAVE_STDLIB_H 1
| #define HAVE_STRING_H 1
| #define HAVE_MEMORY_H 1
| #define HAVE_STRINGS_H 1
| #define HAVE_INTTYPES_H 1
| #define HAVE_STDINT_H 1
| #define HAVE_UNISTD_H 1
| #define HAVE_DLFCN_H 1
| #define LT_OBJDIR ".libs/"
| #define HAVE___ATTRIBUTE__ 1
| #define HAVE___ATTRIBUTE__ALIGNED_FN 1
| #define HAVE_STRUCT_MALLINFO 1
| #define HAVE_SBRK 1
| #define HAVE_GETEUID 1
| #define HAVE_FEATURES_H 1
| #define HAVE_MALLOC_H 1
| #define HAVE_GLOB_H 1
| #define HAVE_EXECINFO_H 1
| #define HAVE_SCHED_H 1
| #define HAVE_SYS_SYSCALL_H 1
| #define HAVE_FCNTL_H 1
| #define HAVE_SYS_CDEFS_H 1
| #define HAVE_SYS_UCONTEXT_H 1
| #define HAVE_UCONTEXT_H 1
| #define HAVE_ASM_PTRACE_H 1
| /* end confdefs.h.  */
| #define _XOPEN_SOURCE 600
|                 #define _QNX_SOURCE 1
|                 #include <stdlib.h>
|                 #include <malloc.h>
| 
| int
| main ()
| {
| #ifndef cfree
| #ifdef __cplusplus
|   (void) cfree;
| #else
|   (void) cfree;
| #endif
| #endif
| 
|   ;
|   return 0;
| }
configure:18404: result: no
configure:18418: checking whether posix_memalign is declared
configure:18418: g++ -std=gnu++17 -c -g -O2  conftest.cpp >&5
configure:18418: $? = 0
configure:18418: result: yes
configure:18432: checking whether memalign is declared
configure:18432: g++ -std=gnu++17 -c -g -O2  conftest.cpp >&5
configure:18432: $? = 0
configure:18432: result: yes
configure:18446: checking whether valloc is declared
configure:18446: g++ -std=gnu++17 -c -g -O2  conftest.cpp >&5
configure:18446: $? = 0
configure:18446: result: yes
configure:18460: checking whether pvalloc is declared
configure:18460: g++ -std=gnu++17 -c -g -O2  conftest.cpp >&5
configure:18460: $? = 0
configure:18460: result: yes
configure:18522: g++ -std=gnu++17 -c -g -O2 -I./src  conftest.cpp >&5
configure:18522: $? = 0
configure:18548: checking libunwind.h usability
configure:18548: g++ -std=gnu++17 -c -g -O2  conftest.cpp >&5
conftest.cpp:79:10: fatal error: libunwind.h: No such file or directory
 #include <libunwind.h>
          ^~~~~~~~~~~~~
compilation terminated.
configure:18548: $? = 1
configure: failed program was:
| /* confdefs.h */
| #define PACKAGE_NAME "gperftools"
| #define PACKAGE_TARNAME "gperftools"
| #define PACKAGE_VERSION "2.16"
| #define PACKAGE_STRING "gperftools 2.16"
| #define PACKAGE_BUGREPORT "gperftools@googlegroups.com"
| #define PACKAGE_URL ""
| #define PACKAGE "gperftools"
| #define VERSION "2.16"
| #define HAVE_CXX17 1
| #define STDC_HEADERS 1
| #define HAVE_SYS_TYPES_H 1
| #define HAVE_SYS_STAT_H 1
| #define HAVE_STDLIB_H 1
| #define HAVE_STRING_H 1
| #define HAVE_MEMORY_H 1
| #define HAVE_STRINGS_H 1
| #define HAVE_INTTYPES_H 1
| #define HAVE_STDINT_H 1
| #define HAVE_UNISTD_H 1
| #define HAVE_DLFCN_H 1
| #define LT_OBJDIR ".libs/"
| #define HAVE___ATTRIBUTE__ 1
| #define HAVE___ATTRIBUTE__ALIGNED_FN 1
| #define HAVE_STRUCT_MALLINFO 1
| #define HAVE_SBRK 1
| #define HAVE_GETEUID 1
| #define HAVE_FEATURES_H 1
| #define HAVE_MALLOC_H 1
| #define HAVE_GLOB_H 1
| #define HAVE_EXECINFO_H 1
| #define HAVE_SCHED_H 1
| #define HAVE_SYS_SYSCALL_H 1
| #define HAVE_FCNTL_H 1
| #define HAVE_SYS_CDEFS_H 1
| #define HAVE_SYS_UCONTEXT_H 1
| #define HAVE_UCONTEXT_H 1
| #define HAVE_ASM_PTRACE_H 1
| #define HAVE_DECL_CFREE 0
| #define HAVE_DECL_POSIX_MEMALIGN 1
| #define HAVE_DECL_MEMALIGN 1
| #define HAVE_DECL_VALLOC 1
| #define HAVE_DECL_PVALLOC 1
| #define HAVE_MMAP 1
| /* end confdefs.h.  */
| #include <stdio.h>
| #ifdef HAVE_SYS_TYPES_H
| # include <sys/types.h>
| #endif
| #ifdef HAVE_SYS_STAT_H
| # include <sys/stat.h>
| #endif
| #ifdef STDC_HEADERS
| # include <stdlib.h>
| # include <stddef.h>
| #else
| # ifdef HAVE_STDLIB_H
| #  include <stdlib.h>
| # endif
| #endif
| #ifdef HAVE_STRING_H
| # if !defined STDC_HEADERS && defined HAVE_MEMORY_H
| #  include <memory.h>
| # endif
| # include <string.h>
| #endif
| #ifdef HAVE_STRINGS_H
| # include <strings.h>
| #endif
| #ifdef HAVE_INTTYPES_H
| # include <inttypes.h>
| #endif
| #ifdef HAVE_STDINT_H
| # include <stdint.h>
| #endif
| #ifdef HAVE_UNISTD_H
| # include <unistd.h>
| #endif
| #include <libunwind.h>
configure:18548: result: no
configure:18548: checking libunwind.h presence
configure:18548: g++ -std=gnu++17 -E  conftest.cpp
conftest.cpp:46:10: fatal error: libunwind.h: No such file or directory
 #include <libunwind.h>
          ^~~~~~~~~~~~~
compilation terminated.
configure:18548: $? = 1
configure: failed program was:
| /* confdefs.h */
| #define PACKAGE_NAME "gperftools"
| #define PACKAGE_TARNAME "gperftools"
| #define PACKAGE_VERSION "2.16"
| #define PACKAGE_STRING "gperftools 2.16"
| #define PACKAGE_BUGREPORT "gperftools@googlegroups.com"
| #define PACKAGE_URL ""
| #define PACKAGE "gperftools"
| #define VERSION "2.16"
| #define HAVE_CXX17 1
| #define STDC_HEADERS 1
| #define HAVE_SYS_TYPES_H 1
| #define HAVE_SYS_STAT_H 1
| #define HAVE_STDLIB_H 1
| #define HAVE_STRING_H 1
| #define HAVE_MEMORY_H 1
| #define HAVE_STRINGS_H 1
| #define HAVE_INTTYPES_H 1
| #define HAVE_STDINT_H 1
| #define HAVE_UNISTD_H 1
| #define HAVE_DLFCN_H 1
| #define LT_OBJDIR ".libs/"
| #define HAVE___ATTRIBUTE__ 1
| #define HAVE___ATTRIBUTE__ALIGNED_FN 1
| #define HAVE_STRUCT_MALLINFO 1
| #define HAVE_SBRK 1
| #define HAVE_GETEUID 1
| #define HAVE_FEATURES_H 1
| #define HAVE_MALLOC_H 1
| #define HAVE_GLOB_H 1
| #define HAVE_EXECINFO_H 1
| #define HAVE_SCHED_H 1
| #define HAVE_SYS_SYSCALL_H 1
| #define HAVE_FCNTL_H 1
| #define HAVE_SYS_CDEFS_H 1
| #define HAVE_SYS_UCONTEXT_H 1
| #define HAVE_UCONTEXT_H 1
| #define HAVE_ASM_PTRACE_H 1
| #define HAVE_DECL_CFREE 0
| #define HAVE_DECL_POSIX_MEMALIGN 1
| #define HAVE_DECL_MEMALIGN 1
| #define HAVE_DECL_VALLOC 1
| #define HAVE_DECL_PVALLOC 1
| #define HAVE_MMAP 1
| /* end confdefs.h.  */
| #include <libunwind.h>
configure:18548: result: no
configure:18548: checking for libunwind.h
configure:18548: result: no
configure:18669: Will build sized deallocation operators that ignore size
configure:18674: checking if C++ compiler supports -fsized-deallocation
configure:18693: g++ -std=gnu++17 -o conftest -g -O2 -fsized-deallocation   conftest.cpp  >&5
configure:18693: $? = 0
configure:18702: result: yes
configure:18714: checking if target has _Unwind_Backtrace
configure:18734: g++ -std=gnu++17 -c -g -O2  conftest.cpp >&5
configure:18734: $? = 0
configure:18741: result: yes
configure:18789: checking for __environ
configure:18802: g++ -std=gnu++17 -o conftest -g -O2   conftest.cpp  >&5
configure:18802: $? = 0
configure:18806: result: yes
configure:18815: checking if target has functional __cxa_demangle
configure:18831: g++ -std=gnu++17 -c -g -O2  conftest.cpp >&5
configure:18831: $? = 0
configure:18838: result: yes
configure:18850: checking if nanosleep requires any libraries
configure:18873: gcc -o conftest -g -O2   conftest.c  >&5
configure:18873: $? = 0
configure:18906: result: no
configure:19079: checking whether gcc is Clang
configure:19104: result: no
configure:19166: checking whether pthreads work with "-pthread" and "-lpthread"
configure:19271: gcc -o conftest -g -O2 -pthread   conftest.c -lpthread  >&5
configure:19271: $? = 0
configure:19280: result: yes
configure:19397: checking for joinable pthread attribute
configure:19415: gcc -o conftest -g -O2 -pthread   conftest.c -lpthread  >&5
configure:19415: $? = 0
configure:19423: result: PTHREAD_CREATE_JOINABLE
configure:19437: checking whether more special flags are required for pthreads
configure:19450: result: no
configure:19458: checking for PTHREAD_PRIO_INHERIT
configure:19475: gcc -o conftest -g -O2 -pthread   conftest.c -lpthread  >&5
configure:19475: $? = 0
configure:19484: result: yes
configure:19646: checking for program_invocation_name
configure:19662: g++ -std=gnu++17 -o conftest -g -O2   conftest.cpp  >&5
configure:19662: $? = 0
configure:19671: result: yes
configure:19787: checking whether backtrace_symbols is declared
configure:19787: g++ -std=gnu++17 -c -g -O2  conftest.cpp >&5
configure:19787: $? = 0
configure:19787: result: yes
configure:19802: checking for library containing backtrace_symbols
configure:19833: g++ -std=gnu++17 -o conftest -g -O2   conftest.cpp  >&5
configure:19833: $? = 0
configure:19850: result: none required
configure:19962: checking for Linux SIGEV_THREAD_ID
configure:19976: g++ -std=gnu++17 -c -g -O2  conftest.cpp >&5
configure:19976: $? = 0
configure:19981: result: yes
configure:20130: checking that generated files are newer than configure
configure:20136: result: done
configure:20231: creating ./config.status

## ---------------------- ##
## Running config.status. ##
## ---------------------- ##

This file was extended by gperftools config.status 2.16, which was
generated by GNU Autoconf 2.69.  Invocation command line was

  CONFIG_FILES    = 
  CONFIG_HEADERS  = 
  CONFIG_LINKS    = 
  CONFIG_COMMANDS = 
  $ ./config.status 

on iZj6ceu72nb0dml28kkgxuZ

config.status:1231: creating Makefile
config.status:1231: creating src/gperftools/tcmalloc.h
config.status:1231: creating vsprojects/include/gperftools/tcmalloc.h
config.status:1231: creating src/config.h
config.status:1460: executing depfiles commands
config.status:1537: cd .       && sed -e '/# am--include-marker/d' Makefile         | make -f - am--depfiles
config.status:1542: $? = 0
config.status:1460: executing libtool commands

## ---------------- ##
## Cache variables. ##
## ---------------- ##

ac_cv___attribute__=yes
ac_cv___attribute__aligned_fn=yes
ac_cv_build=x86_64-pc-linux-gnu
ac_cv_c_compiler_gnu=yes
ac_cv_cxx_compiler_gnu=yes
ac_cv_env_CCC_set=
ac_cv_env_CCC_value=
ac_cv_env_CC_set=
ac_cv_env_CC_value=
ac_cv_env_CFLAGS_set=
ac_cv_env_CFLAGS_value=
ac_cv_env_CPPFLAGS_set=
ac_cv_env_CPPFLAGS_value=
ac_cv_env_CPP_set=
ac_cv_env_CPP_value=
ac_cv_env_CXXCPP_set=
ac_cv_env_CXXCPP_value=
ac_cv_env_CXXFLAGS_set=
ac_cv_env_CXXFLAGS_value=
ac_cv_env_CXX_set=
ac_cv_env_CXX_value=
ac_cv_env_LDFLAGS_set=
ac_cv_env_LDFLAGS_value=
ac_cv_env_LIBS_set=
ac_cv_env_LIBS_value=
ac_cv_env_LT_SYS_LIBRARY_PATH_set=
ac_cv_env_LT_SYS_LIBRARY_PATH_value=
ac_cv_env_build_alias_set=
ac_cv_env_build_alias_value=
ac_cv_env_host_alias_set=
ac_cv_env_host_alias_value=
ac_cv_env_target_alias_set=
ac_cv_env_target_alias_value=
ac_cv_frame_pointer_cflags=yes
ac_cv_func_geteuid=yes
ac_cv_func_sbrk=yes
ac_cv_have_decl_backtrace_symbols=yes
ac_cv_have_decl_cfree=no
ac_cv_have_decl_memalign=yes
ac_cv_have_decl_posix_memalign=yes
ac_cv_have_decl_pvalloc=yes
ac_cv_have_decl_valloc=yes
ac_cv_have_program_invocation_name=yes
ac_cv_have_struct_mallinfo2=0
ac_cv_have_struct_mallinfo=1
ac_cv_header_asm_ptrace_h=yes
ac_cv_header_cygwin_signal_h=no
ac_cv_header_dlfcn_h=yes
ac_cv_header_execinfo_h=yes
ac_cv_header_fcntl_h=yes
ac_cv_header_features_h=yes
ac_cv_header_glob_h=yes
ac_cv_header_inttypes_h=yes
ac_cv_header_libunwind_h=no
ac_cv_header_malloc_h=yes
ac_cv_header_memory_h=yes
ac_cv_header_sched_h=yes
ac_cv_header_stdc=yes
ac_cv_header_stdint_h=yes
ac_cv_header_stdlib_h=yes
ac_cv_header_string_h=yes
ac_cv_header_strings_h=yes
ac_cv_header_sys_cdefs_h=yes
ac_cv_header_sys_stat_h=yes
ac_cv_header_sys_syscall_h=yes
ac_cv_header_sys_types_h=yes
ac_cv_header_sys_ucontext_h=yes
ac_cv_header_ucontext_h=yes
ac_cv_header_unistd_h=yes
ac_cv_host=x86_64-pc-linux-gnu
ac_cv_objext=o
ac_cv_path_EGREP='/usr/bin/grep -E'
ac_cv_path_FGREP='/usr/bin/grep -F'
ac_cv_path_GREP=/usr/bin/grep
ac_cv_path_SED=/usr/bin/sed
ac_cv_path_install='/usr/bin/install -c'
ac_cv_path_lt_DD=/usr/bin/dd
ac_cv_path_mkdir=/usr/bin/mkdir
ac_cv_prog_AWK=gawk
ac_cv_prog_CPP='gcc -E'
ac_cv_prog_CXXCPP='g++ -std=gnu++17 -E'
ac_cv_prog_ac_ct_AR=ar
ac_cv_prog_ac_ct_CC=gcc
ac_cv_prog_ac_ct_CXX=g++
ac_cv_prog_ac_ct_OBJDUMP=objdump
ac_cv_prog_ac_ct_RANLIB=ranlib
ac_cv_prog_ac_ct_STRIP=strip
ac_cv_prog_cc_c89=
ac_cv_prog_cc_g=yes
ac_cv_prog_cxx_g=yes
ac_cv_prog_make_make_set=yes
ac_cv_search_backtrace_symbols='none required'
ac_cv_search_regexec='none required'
ac_cv_type_struct_mallinfo2=no
ac_cv_type_struct_mallinfo=yes
ac_cv_w_thread_safety=no
am_cv_CC_dependencies_compiler_type=gcc3
am_cv_CXX_dependencies_compiler_type=gcc3
am_cv_make_support_nested_variables=yes
am_cv_prog_cc_c_o=yes
am_cv_prog_tar_ustar=gnutar
ax_cv_PTHREAD_CLANG=no
ax_cv_PTHREAD_JOINABLE_ATTR=PTHREAD_CREATE_JOINABLE
ax_cv_PTHREAD_PRIO_INHERIT=yes
ax_cv_PTHREAD_SPECIAL_FLAGS=no
ax_cv_cxx_compile_cxx17__std_gnupp17=yes
lt_cv_ar_at_file=@
lt_cv_archive_cmds_need_lc=no
lt_cv_deplibs_check_method=pass_all
lt_cv_file_magic_cmd='$MAGIC_CMD'
lt_cv_file_magic_test_file=
lt_cv_ld_reload_flag=-r
lt_cv_nm_interface='BSD nm'
lt_cv_objdir=.libs
lt_cv_path_LD=/usr/bin/ld
lt_cv_path_LDCXX='/usr/bin/ld -m elf_x86_64'
lt_cv_path_NM='/usr/bin/nm -B'
lt_cv_path_mainfest_tool=no
lt_cv_prog_compiler_c_o=yes
lt_cv_prog_compiler_c_o_CXX=yes
lt_cv_prog_compiler_pic='-fPIC -DPIC'
lt_cv_prog_compiler_pic_CXX='-fPIC -DPIC'
lt_cv_prog_compiler_pic_works=yes
lt_cv_prog_compiler_pic_works_CXX=yes
lt_cv_prog_compiler_rtti_exceptions=no
lt_cv_prog_compiler_static_works=no
lt_cv_prog_compiler_static_works_CXX=no
lt_cv_prog_gnu_ld=yes
lt_cv_prog_gnu_ldcxx=yes
lt_cv_sharedlib_from_linklib_cmd='printf %s\n'
lt_cv_shlibpath_overrides_runpath=no
lt_cv_sys_global_symbol_pipe='sed -n -e '\''s/^.*[	 ]\([ABCDGIRSTW][ABCDGIRSTW]*\)[	 ][	 ]*\([_A-Za-z][_A-Za-z0-9]*\)$/\1 \2 \2/p'\'' | sed '\''/ __gnu_lto/d'\'''
lt_cv_sys_global_symbol_to_c_name_address='sed -n -e '\''s/^: \(.*\) .*$/  {"\1", (void *) 0},/p'\'' -e '\''s/^[ABCDGIRSTW][ABCDGIRSTW]* .* \(.*\)$/  {"\1", (void *) \&\1},/p'\'''
lt_cv_sys_global_symbol_to_c_name_address_lib_prefix='sed -n -e '\''s/^: \(.*\) .*$/  {"\1", (void *) 0},/p'\'' -e '\''s/^[ABCDGIRSTW][ABCDGIRSTW]* .* \(lib.*\)$/  {"\1", (void *) \&\1},/p'\'' -e '\''s/^[ABCDGIRSTW][ABCDGIRSTW]* .* \(.*\)$/  {"lib\1", (void *) \&\1},/p'\'''
lt_cv_sys_global_symbol_to_cdecl='sed -n -e '\''s/^T .* \(.*\)$/extern int \1();/p'\'' -e '\''s/^[ABCDGIRSTW][ABCDGIRSTW]* .* \(.*\)$/extern char \1;/p'\'''
lt_cv_sys_global_symbol_to_import=
lt_cv_sys_max_cmd_len=1572864
lt_cv_to_host_file_cmd=func_convert_file_noop
lt_cv_to_tool_file_cmd=func_convert_file_noop
lt_cv_truncate_bin='/usr/bin/dd bs=4096 count=1'
perftools_cv_have_cxa_demangle=yes
perftools_cv_have_unwind_backtrace=yes
perftools_cv_sized_deallocation_result=yes

## ----------------- ##
## Output variables. ##
## ----------------- ##

ACLOCAL='${SHELL} /mnt/data/DiskANN-main/gperftools/missing aclocal-1.16'
AMDEPBACKSLASH='\'
AMDEP_FALSE='#'
AMDEP_TRUE=''
AMTAR='$${TAR-tar}'
AM_BACKSLASH='\'
AM_DEFAULT_V='$(AM_DEFAULT_VERBOSITY)'
AM_DEFAULT_VERBOSITY='1'
AM_V='$(V)'
AR='ar'
AUTOCONF='${SHELL} /mnt/data/DiskANN-main/gperftools/missing autoconf'
AUTOHEADER='${SHELL} /mnt/data/DiskANN-main/gperftools/missing autoheader'
AUTOMAKE='${SHELL} /mnt/data/DiskANN-main/gperftools/missing automake-1.16'
AWK='gawk'
BUILD_EMERGENCY_MALLOC_FALSE='#'
BUILD_EMERGENCY_MALLOC_TRUE=''
CC='gcc'
CCDEPMODE='depmode=gcc3'
CFLAGS='-g -O2'
CPP='gcc -E'
CPPFLAGS=''
CXX='g++ -std=gnu++17'
CXXCPP='g++ -std=gnu++17 -E'
CXXDEPMODE='depmode=gcc3'
CXXFLAGS='-g -O2'
CYGPATH_W='echo'
DEFS='-DHAVE_CONFIG_H'
DEPDIR='.deps'
DLLTOOL='false'
DSYMUTIL=''
DUMPBIN=''
ECHO_C=''
ECHO_N='-n'
ECHO_T=''
EGREP='/usr/bin/grep -E'
ENABLE_FP_FLAGS_FALSE='#'
ENABLE_FP_FLAGS_TRUE=''
ENABLE_FRAME_POINTERS_FALSE=''
ENABLE_FRAME_POINTERS_TRUE='#'
ENABLE_STATIC_FALSE='#'
ENABLE_STATIC_TRUE=''
ENABLE_W_THREAD_SAFETY_FALSE=''
ENABLE_W_THREAD_SAFETY_TRUE='#'
EXEEXT=''
FGREP='/usr/bin/grep -F'
GCC_FALSE='#'
GCC_TRUE=''
GREP='/usr/bin/grep'
HAVE_CXX17='1'
HAVE_SIZED_DEALLOCATION_FALSE='#'
HAVE_SIZED_DEALLOCATION_TRUE=''
INSTALL_DATA='${INSTALL} -m 644'
INSTALL_PPROF_FALSE='#'
INSTALL_PPROF_TRUE=''
INSTALL_PROGRAM='${INSTALL}'
INSTALL_SCRIPT='${INSTALL}'
INSTALL_STRIP_PROGRAM='$(install_sh) -c -s'
LD='/usr/bin/ld -m elf_x86_64'
LDFLAGS=''
LIBOBJS=''
LIBS=''
LIBTOOL='$(SHELL) $(top_builddir)/libtool'
LIPO=''
LN_S='ln -s'
LTLIBOBJS=''
LT_SYS_LIBRARY_PATH=''
MAINT='#'
MAINTAINER_MODE_FALSE=''
MAINTAINER_MODE_TRUE='#'
MAKEINFO='${SHELL} /mnt/data/DiskANN-main/gperftools/missing makeinfo'
MANIFEST_TOOL=':'
MINGW_FALSE=''
MINGW_TRUE='#'
MKDIR_P='/usr/bin/mkdir -p'
NANOSLEEP_LIBS=''
NM='/usr/bin/nm -B'
NMEDIT=''
OBJDUMP='objdump'
OBJEXT='o'
OSX_FALSE=''
OSX_TRUE='#'
OTOOL64=''
OTOOL=''
PACKAGE='gperftools'
PACKAGE_BUGREPORT='gperftools@googlegroups.com'
PACKAGE_NAME='gperftools'
PACKAGE_STRING='gperftools 2.16'
PACKAGE_TARNAME='gperftools'
PACKAGE_URL=''
PACKAGE_VERSION='2.16'
PATH_SEPARATOR=':'
PROFILER_SO_VERSION='5:13:5'
PTHREAD_CC='gcc'
PTHREAD_CFLAGS='-pthread'
PTHREAD_CXX='g++ -std=gnu++17'
PTHREAD_LIBS='-lpthread'
RANLIB='ranlib'
REGEX_LIBS=''
SED='/usr/bin/sed'
SET_MAKE=''
SHELL='/bin/sh'
STACKTRACE_UNITTEST_LIBS=''
STRIP='strip'
TCMALLOC_AND_PROFILER_SO_VERSION='10:13:6'
TCMALLOC_SO_VERSION='9:18:5'
TC_VERSION_MAJOR='2'
TC_VERSION_MINOR='16'
TC_VERSION_PATCH=''
UNWIND_LIBS=''
VERSION='2.16'
WITH_CPU_PROFILER_FALSE='#'
WITH_CPU_PROFILER_TRUE=''
WITH_DEBUGALLOC_FALSE='#'
WITH_DEBUGALLOC_TRUE=''
WITH_HEAP_PROFILER_FALSE='#'
WITH_HEAP_PROFILER_OR_CHECKER_FALSE='#'
WITH_HEAP_PROFILER_OR_CHECKER_TRUE=''
WITH_HEAP_PROFILER_TRUE=''
WITH_STACK_TRACE_FALSE='#'
WITH_STACK_TRACE_TRUE=''
ac_ct_AR='ar'
ac_ct_CC='gcc'
ac_ct_CXX='g++'
ac_ct_DUMPBIN=''
ac_cv_have_struct_mallinfo2='0'
ac_cv_have_struct_mallinfo='1'
am__EXEEXT_FALSE=''
am__EXEEXT_TRUE='#'
am__fastdepCC_FALSE='#'
am__fastdepCC_TRUE=''
am__fastdepCXX_FALSE='#'
am__fastdepCXX_TRUE=''
am__include='include'
am__isrc=''
am__leading_dot='.'
am__nodep='_no'
am__quote=''
am__tar='tar --format=ustar -chf - "$$tardir"'
am__untar='tar -xf -'
ax_pthread_config=''
bindir='${exec_prefix}/bin'
build='x86_64-pc-linux-gnu'
build_alias=''
build_cpu='x86_64'
build_os='linux-gnu'
build_vendor='pc'
datadir='${datarootdir}'
datarootdir='${prefix}/share'
docdir='${datarootdir}/doc/${PACKAGE_TARNAME}'
dvidir='${docdir}'
exec_prefix='${prefix}'
host='x86_64-pc-linux-gnu'
host_alias=''
host_cpu='x86_64'
host_os='linux-gnu'
host_vendor='pc'
htmldir='${docdir}'
includedir='${prefix}/include'
infodir='${datarootdir}/info'
install_sh='${SHELL} /mnt/data/DiskANN-main/gperftools/install-sh'
libdir='${exec_prefix}/lib'
libexecdir='${exec_prefix}/libexec'
localedir='${datarootdir}/locale'
localstatedir='${prefix}/var'
mandir='${datarootdir}/man'
mkdir_p='$(MKDIR_P)'
oldincludedir='/usr/include'
pdfdir='${docdir}'
prefix='/usr/local'
program_transform_name='s,x,x,'
psdir='${docdir}'
sbindir='${exec_prefix}/sbin'
sharedstatedir='${prefix}/com'
sysconfdir='${prefix}/etc'
target_alias=''

## ----------- ##
## confdefs.h. ##
## ----------- ##

/* confdefs.h */
#define PACKAGE_NAME "gperftools"
#define PACKAGE_TARNAME "gperftools"
#define PACKAGE_VERSION "2.16"
#define PACKAGE_STRING "gperftools 2.16"
#define PACKAGE_BUGREPORT "gperftools@googlegroups.com"
#define PACKAGE_URL ""
#define PACKAGE "gperftools"
#define VERSION "2.16"
#define HAVE_CXX17 1
#define STDC_HEADERS 1
#define HAVE_SYS_TYPES_H 1
#define HAVE_SYS_STAT_H 1
#define HAVE_STDLIB_H 1
#define HAVE_STRING_H 1
#define HAVE_MEMORY_H 1
#define HAVE_STRINGS_H 1
#define HAVE_INTTYPES_H 1
#define HAVE_STDINT_H 1
#define HAVE_UNISTD_H 1
#define HAVE_DLFCN_H 1
#define LT_OBJDIR ".libs/"
#define HAVE___ATTRIBUTE__ 1
#define HAVE___ATTRIBUTE__ALIGNED_FN 1
#define HAVE_STRUCT_MALLINFO 1
#define HAVE_SBRK 1
#define HAVE_GETEUID 1
#define HAVE_FEATURES_H 1
#define HAVE_MALLOC_H 1
#define HAVE_GLOB_H 1
#define HAVE_EXECINFO_H 1
#define HAVE_SCHED_H 1
#define HAVE_SYS_SYSCALL_H 1
#define HAVE_FCNTL_H 1
#define HAVE_SYS_CDEFS_H 1
#define HAVE_SYS_UCONTEXT_H 1
#define HAVE_UCONTEXT_H 1
#define HAVE_ASM_PTRACE_H 1
#define HAVE_DECL_CFREE 0
#define HAVE_DECL_POSIX_MEMALIGN 1
#define HAVE_DECL_MEMALIGN 1
#define HAVE_DECL_VALLOC 1
#define HAVE_DECL_PVALLOC 1
#define HAVE_MMAP 1
#define HAVE_UNWIND_BACKTRACE 1
#define HAVE___ENVIRON 1
#define HAVE_CXA_DEMANGLE 1
#define HAVE_PTHREAD_PRIO_INHERIT 1
#define HAVE_PTHREAD 1
#define HAVE_PROGRAM_INVOCATION_NAME 1
#define HAVE_DECL_BACKTRACE_SYMBOLS 1
#define PERFTOOLS_DLL_DECL /**/
#define HAVE_LINUX_SIGEV_THREAD_ID 1

configure: exit 0
